2026-04-23 17:39:43,486 - INFO - AMPAR/RIN mode: explicit AMPAR:RIN pairs from --ampar-rin-pairs
2026-04-23 17:39:43,486 - INFO - Resolved 2 AMPAR/RIN pair(s)
2026-04-23 17:39:43,486 - INFO - Running 8 simulations across 8 worker(s)
2026-04-23 17:39:43,539 - INFO - Starting run ampar1_rin1_sigtemp0.02_sigeta0.005_sigtheta0.02_idir0.5_cwidth0.1_afrac0.1_trial00
2026-04-23 17:39:43,539 - INFO - Starting run ampar1_rin1_sigtemp0.02_sigeta0.005_sigtheta0.02_idir0.5_cwidth0.1_afrac0.125_trial00
2026-04-23 17:39:43,543 - INFO - Running on device: cpu
2026-04-23 17:39:43,543 - INFO - Running on device: cpu
2026-04-23 17:39:43,568 - INFO - Starting run ampar1_rin1_sigtemp0.02_sigeta0.005_sigtheta0.02_idir0.55_cwidth0.1_afrac0.1_trial00
2026-04-23 17:39:43,572 - INFO - Running on device: cpu
2026-04-23 17:39:43,622 - INFO - Starting run ampar1_rin1_sigtemp0.02_sigeta0.005_sigtheta0.02_idir0.55_cwidth0.1_afrac0.125_trial00
2026-04-23 17:39:43,629 - INFO - Running on device: cpu
2026-04-23 17:39:43,630 - INFO - Starting run ampar0.64_rin1.27_sigtemp0.02_sigeta0.005_sigtheta0.02_idir0.5_cwidth0.1_afrac0.1_trial00
2026-04-23 17:39:43,631 - INFO - Starting run ampar0.64_rin1.27_sigtemp0.02_sigeta0.005_sigtheta0.02_idir0.5_cwidth0.1_afrac0.125_trial00
2026-04-23 17:39:43,631 - INFO - Starting run ampar0.64_rin1.27_sigtemp0.02_sigeta0.005_sigtheta0.02_idir0.55_cwidth0.1_afrac0.1_trial00
2026-04-23 17:39:43,631 - INFO - Starting run ampar0.64_rin1.27_sigtemp0.02_sigeta0.005_sigtheta0.02_idir0.55_cwidth0.1_afrac0.125_trial00
2026-04-23 17:39:43,634 - INFO - Running on device: cpu
2026-04-23 17:39:43,634 - INFO - Running on device: cpu
2026-04-23 17:39:43,635 - INFO - Running on device: cpu
2026-04-23 17:39:43,635 - INFO - Running on device: cpu
2026-04-23 17:39:43,893 - INFO - [ampar1_rin1_sigtemp0.02_sigeta0.005_sigtheta0.02_idir0.5_cwidth0.1_afrac0.1_trial00] 0.0% complete (0/5000 generations)
2026-04-23 17:39:43,910 - INFO - [ampar1_rin1_sigtemp0.02_sigeta0.005_sigtheta0.02_idir0.5_cwidth0.1_afrac0.125_trial00] 0.0% complete (0/5000 generations)
2026-04-23 17:39:43,920 - INFO - [ampar1_rin1_sigtemp0.02_sigeta0.005_sigtheta0.02_idir0.55_cwidth0.1_afrac0.1_trial00] 0.0% complete (0/5000 generations)
2026-04-23 17:39:43,942 - INFO - [ampar1_rin1_sigtemp0.02_sigeta0.005_sigtheta0.02_idir0.55_cwidth0.1_afrac0.125_trial00] 0.0% complete (0/5000 generations)
2026-04-23 17:39:43,944 - INFO - [ampar0.64_rin1.27_sigtemp0.02_sigeta0.005_sigtheta0.02_idir0.55_cwidth0.1_afrac0.1_trial00] 0.0% complete (0/5000 generations)
2026-04-23 17:39:43,946 - INFO - [ampar0.64_rin1.27_sigtemp0.02_sigeta0.005_sigtheta0.02_idir0.5_cwidth0.1_afrac0.125_trial00] 0.0% complete (0/5000 generations)
2026-04-23 17:39:43,951 - INFO - [ampar0.64_rin1.27_sigtemp0.02_sigeta0.005_sigtheta0.02_idir0.5_cwidth0.1_afrac0.1_trial00] 0.0% complete (0/5000 generations)
2026-04-23 17:39:43,951 - INFO - [ampar0.64_rin1.27_sigtemp0.02_sigeta0.005_sigtheta0.02_idir0.55_cwidth0.1_afrac0.125_trial00] 0.0% complete (0/5000 generations)
2026-04-23 17:39:53,397 - INFO - [ampar1_rin1_sigtemp0.02_sigeta0.005_sigtheta0.02_idir0.55_cwidth0.1_afrac0.1_trial00] 5.0% complete (250/5000 generations)
2026-04-23 17:39:53,411 - INFO - [ampar1_rin1_sigtemp0.02_sigeta0.005_sigtheta0.02_idir0.5_cwidth0.1_afrac0.125_trial00] 5.0% complete (250/5000 generations)
2026-04-23 17:39:53,439 - INFO - [ampar0.64_rin1.27_sigtemp0.02_sigeta0.005_sigtheta0.02_idir0.5_cwidth0.1_afrac0.1_trial00] 5.0% complete (250/5000 generations)
2026-04-23 17:39:53,543 - INFO - [ampar1_rin1_sigtemp0.02_sigeta0.005_sigtheta0.02_idir0.5_cwidth0.1_afrac0.1_trial00] 5.0% complete (250/5000 generations)
2026-04-23 17:39:53,576 - INFO - [ampar0.64_rin1.27_sigtemp0.02_sigeta0.005_sigtheta0.02_idir0.55_cwidth0.1_afrac0.1_trial00] 5.0% complete (250/5000 generations)
2026-04-23 17:39:53,622 - INFO - [ampar0.64_rin1.27_sigtemp0.02_sigeta0.005_sigtheta0.02_idir0.5_cwidth0.1_afrac0.125_trial00] 5.0% complete (250/5000 generations)
2026-04-23 17:39:53,679 - INFO - [ampar1_rin1_sigtemp0.02_sigeta0.005_sigtheta0.02_idir0.55_cwidth0.1_afrac0.125_trial00] 5.0% complete (250/5000 generations)
2026-04-23 17:39:53,690 - INFO - [ampar0.64_rin1.27_sigtemp0.02_sigeta0.005_sigtheta0.02_idir0.55_cwidth0.1_afrac0.125_trial00] 5.0% complete (250/5000 generations)
2026-04-23 17:40:02,762 - INFO - [ampar1_rin1_sigtemp0.02_sigeta0.005_sigtheta0.02_idir0.55_cwidth0.1_afrac0.1_trial00] 10.0% complete (500/5000 generations)
2026-04-23 17:40:02,799 - INFO - [ampar1_rin1_sigtemp0.02_sigeta0.005_sigtheta0.02_idir0.5_cwidth0.1_afrac0.125_trial00] 10.0% complete (500/5000 generations)
2026-04-23 17:40:02,828 - INFO - [ampar0.64_rin1.27_sigtemp0.02_sigeta0.005_sigtheta0.02_idir0.5_cwidth0.1_afrac0.1_trial00] 10.0% complete (500/5000 generations)
2026-04-23 17:40:03,269 - INFO - [ampar1_rin1_sigtemp0.02_sigeta0.005_sigtheta0.02_idir0.5_cwidth0.1_afrac0.1_trial00] 10.0% complete (500/5000 generations)
2026-04-23 17:40:03,277 - INFO - [ampar0.64_rin1.27_sigtemp0.02_sigeta0.005_sigtheta0.02_idir0.55_cwidth0.1_afrac0.1_trial00] 10.0% complete (500/5000 generations)
2026-04-23 17:40:03,367 - INFO - [ampar0.64_rin1.27_sigtemp0.02_sigeta0.005_sigtheta0.02_idir0.5_cwidth0.1_afrac0.125_trial00] 10.0% complete (500/5000 generations)
2026-04-23 17:40:03,415 - INFO - [ampar0.64_rin1.27_sigtemp0.02_sigeta0.005_sigtheta0.02_idir0.55_cwidth0.1_afrac0.125_trial00] 10.0% complete (500/5000 generations)
2026-04-23 17:40:03,435 - INFO - [ampar1_rin1_sigtemp0.02_sigeta0.005_sigtheta0.02_idir0.55_cwidth0.1_afrac0.125_trial00] 10.0% complete (500/5000 generations)
2026-04-23 17:40:12,133 - INFO - [ampar1_rin1_sigtemp0.02_sigeta0.005_sigtheta0.02_idir0.55_cwidth0.1_afrac0.1_trial00] 15.0% complete (750/5000 generations)
2026-04-23 17:40:12,187 - INFO - [ampar1_rin1_sigtemp0.02_sigeta0.005_sigtheta0.02_idir0.5_cwidth0.1_afrac0.125_trial00] 15.0% complete (750/5000 generations)
2026-04-23 17:40:12,218 - INFO - [ampar0.64_rin1.27_sigtemp0.02_sigeta0.005_sigtheta0.02_idir0.5_cwidth0.1_afrac0.1_trial00] 15.0% complete (750/5000 generations)
2026-04-23 17:40:12,966 - INFO - [ampar0.64_rin1.27_sigtemp0.02_sigeta0.005_sigtheta0.02_idir0.55_cwidth0.1_afrac0.1_trial00] 15.0% complete (750/5000 generations)
2026-04-23 17:40:12,975 - INFO - [ampar1_rin1_sigtemp0.02_sigeta0.005_sigtheta0.02_idir0.5_cwidth0.1_afrac0.1_trial00] 15.0% complete (750/5000 generations)
2026-04-23 17:40:13,102 - INFO - [ampar0.64_rin1.27_sigtemp0.02_sigeta0.005_sigtheta0.02_idir0.5_cwidth0.1_afrac0.125_trial00] 15.0% complete (750/5000 generations)
2026-04-23 17:40:13,150 - INFO - [ampar0.64_rin1.27_sigtemp0.02_sigeta0.005_sigtheta0.02_idir0.55_cwidth0.1_afrac0.125_trial00] 15.0% complete (750/5000 generations)
2026-04-23 17:40:13,152 - INFO - [ampar1_rin1_sigtemp0.02_sigeta0.005_sigtheta0.02_idir0.55_cwidth0.1_afrac0.125_trial00] 15.0% complete (750/5000 generations)
2026-04-23 17:40:21,517 - INFO - [ampar1_rin1_sigtemp0.02_sigeta0.005_sigtheta0.02_idir0.55_cwidth0.1_afrac0.1_trial00] 20.0% complete (1000/5000 generations)
2026-04-23 17:40:21,564 - INFO - [ampar1_rin1_sigtemp0.02_sigeta0.005_sigtheta0.02_idir0.5_cwidth0.1_afrac0.125_trial00] 20.0% complete (1000/5000 generations)
2026-04-23 17:40:21,618 - INFO - [ampar0.64_rin1.27_sigtemp0.02_sigeta0.005_sigtheta0.02_idir0.5_cwidth0.1_afrac0.1_trial00] 20.0% complete (1000/5000 generations)
2026-04-23 17:40:22,688 - INFO - [ampar0.64_rin1.27_sigtemp0.02_sigeta0.005_sigtheta0.02_idir0.55_cwidth0.1_afrac0.1_trial00] 20.0% complete (1000/5000 generations)
2026-04-23 17:40:22,719 - INFO - [ampar1_rin1_sigtemp0.02_sigeta0.005_sigtheta0.02_idir0.5_cwidth0.1_afrac0.1_trial00] 20.0% complete (1000/5000 generations)
2026-04-23 17:40:22,864 - INFO - [ampar0.64_rin1.27_sigtemp0.02_sigeta0.005_sigtheta0.02_idir0.5_cwidth0.1_afrac0.125_trial00] 20.0% complete (1000/5000 generations)
2026-04-23 17:40:22,906 - INFO - [ampar1_rin1_sigtemp0.02_sigeta0.005_sigtheta0.02_idir0.55_cwidth0.1_afrac0.125_trial00] 20.0% complete (1000/5000 generations)
2026-04-23 17:40:22,911 - INFO - [ampar0.64_rin1.27_sigtemp0.02_sigeta0.005_sigtheta0.02_idir0.55_cwidth0.1_afrac0.125_trial00] 20.0% complete (1000/5000 generations)
2026-04-23 17:40:31,203 - INFO - [ampar1_rin1_sigtemp0.02_sigeta0.005_sigtheta0.02_idir0.5_cwidth0.1_afrac0.125_trial00] 25.0% complete (1250/5000 generations)
2026-04-23 17:40:31,213 - INFO - [ampar1_rin1_sigtemp0.02_sigeta0.005_sigtheta0.02_idir0.55_cwidth0.1_afrac0.1_trial00] 25.0% complete (1250/5000 generations)
2026-04-23 17:40:31,237 - INFO - [ampar0.64_rin1.27_sigtemp0.02_sigeta0.005_sigtheta0.02_idir0.5_cwidth0.1_afrac0.1_trial00] 25.0% complete (1250/5000 generations)
2026-04-23 17:40:32,647 - INFO - [ampar0.64_rin1.27_sigtemp0.02_sigeta0.005_sigtheta0.02_idir0.55_cwidth0.1_afrac0.1_trial00] 25.0% complete (1250/5000 generations)
2026-04-23 17:40:32,683 - INFO - [ampar1_rin1_sigtemp0.02_sigeta0.005_sigtheta0.02_idir0.5_cwidth0.1_afrac0.1_trial00] 25.0% complete (1250/5000 generations)
2026-04-23 17:40:32,886 - INFO - [ampar0.64_rin1.27_sigtemp0.02_sigeta0.005_sigtheta0.02_idir0.5_cwidth0.1_afrac0.125_trial00] 25.0% complete (1250/5000 generations)
2026-04-23 17:40:32,912 - INFO - [ampar0.64_rin1.27_sigtemp0.02_sigeta0.005_sigtheta0.02_idir0.55_cwidth0.1_afrac0.125_trial00] 25.0% complete (1250/5000 generations)
2026-04-23 17:40:32,945 - INFO - [ampar1_rin1_sigtemp0.02_sigeta0.005_sigtheta0.02_idir0.55_cwidth0.1_afrac0.125_trial00] 25.0% complete (1250/5000 generations)
2026-04-23 17:40:40,270 - INFO - [ampar0.64_rin1.27_sigtemp0.02_sigeta0.005_sigtheta0.02_idir0.5_cwidth0.1_afrac0.1_trial00] 30.0% complete (1500/5000 generations)
2026-04-23 17:40:41,234 - INFO - [ampar1_rin1_sigtemp0.02_sigeta0.005_sigtheta0.02_idir0.55_cwidth0.1_afrac0.1_trial00] 30.0% complete (1500/5000 generations)
2026-04-23 17:40:41,258 - INFO - [ampar1_rin1_sigtemp0.02_sigeta0.005_sigtheta0.02_idir0.5_cwidth0.1_afrac0.125_trial00] 30.0% complete (1500/5000 generations)
2026-04-23 17:40:42,563 - INFO - [ampar0.64_rin1.27_sigtemp0.02_sigeta0.005_sigtheta0.02_idir0.55_cwidth0.1_afrac0.1_trial00] 30.0% complete (1500/5000 generations)
2026-04-23 17:40:42,597 - INFO - [ampar1_rin1_sigtemp0.02_sigeta0.005_sigtheta0.02_idir0.5_cwidth0.1_afrac0.1_trial00] 30.0% complete (1500/5000 generations)
2026-04-23 17:40:42,842 - INFO - [ampar0.64_rin1.27_sigtemp0.02_sigeta0.005_sigtheta0.02_idir0.5_cwidth0.1_afrac0.125_trial00] 30.0% complete (1500/5000 generations)
2026-04-23 17:40:42,845 - INFO - [ampar0.64_rin1.27_sigtemp0.02_sigeta0.005_sigtheta0.02_idir0.55_cwidth0.1_afrac0.125_trial00] 30.0% complete (1500/5000 generations)
2026-04-23 17:40:42,891 - INFO - [ampar1_rin1_sigtemp0.02_sigeta0.005_sigtheta0.02_idir0.55_cwidth0.1_afrac0.125_trial00] 30.0% complete (1500/5000 generations)
2026-04-23 17:40:49,118 - INFO - [ampar0.64_rin1.27_sigtemp0.02_sigeta0.005_sigtheta0.02_idir0.5_cwidth0.1_afrac0.1_trial00] 35.0% complete (1750/5000 generations)
2026-04-23 17:40:51,012 - INFO - [ampar1_rin1_sigtemp0.02_sigeta0.005_sigtheta0.02_idir0.55_cwidth0.1_afrac0.1_trial00] 35.0% complete (1750/5000 generations)
2026-04-23 17:40:51,040 - INFO - [ampar1_rin1_sigtemp0.02_sigeta0.005_sigtheta0.02_idir0.5_cwidth0.1_afrac0.125_trial00] 35.0% complete (1750/5000 generations)
2026-04-23 17:40:52,305 - INFO - [ampar0.64_rin1.27_sigtemp0.02_sigeta0.005_sigtheta0.02_idir0.55_cwidth0.1_afrac0.1_trial00] 35.0% complete (1750/5000 generations)
2026-04-23 17:40:52,357 - INFO - [ampar1_rin1_sigtemp0.02_sigeta0.005_sigtheta0.02_idir0.5_cwidth0.1_afrac0.1_trial00] 35.0% complete (1750/5000 generations)
2026-04-23 17:40:52,614 - INFO - [ampar0.64_rin1.27_sigtemp0.02_sigeta0.005_sigtheta0.02_idir0.55_cwidth0.1_afrac0.125_trial00] 35.0% complete (1750/5000 generations)
2026-04-23 17:40:52,631 - INFO - [ampar0.64_rin1.27_sigtemp0.02_sigeta0.005_sigtheta0.02_idir0.5_cwidth0.1_afrac0.125_trial00] 35.0% complete (1750/5000 generations)
2026-04-23 17:40:55,600 - INFO - [ampar1_rin1_sigtemp0.02_sigeta0.005_sigtheta0.02_idir0.55_cwidth0.1_afrac0.125_trial00] 35.0% complete (1750/5000 generations)
2026-04-23 17:40:58,000 - INFO - [ampar0.64_rin1.27_sigtemp0.02_sigeta0.005_sigtheta0.02_idir0.5_cwidth0.1_afrac0.1_trial00] 40.0% complete (2000/5000 generations)
2026-04-23 17:41:00,858 - INFO - [ampar1_rin1_sigtemp0.02_sigeta0.005_sigtheta0.02_idir0.55_cwidth0.1_afrac0.1_trial00] 40.0% complete (2000/5000 generations)
2026-04-23 17:41:00,949 - INFO - [ampar1_rin1_sigtemp0.02_sigeta0.005_sigtheta0.02_idir0.5_cwidth0.1_afrac0.125_trial00] 40.0% complete (2000/5000 generations)
2026-04-23 17:41:02,133 - INFO - [ampar0.64_rin1.27_sigtemp0.02_sigeta0.005_sigtheta0.02_idir0.55_cwidth0.1_afrac0.1_trial00] 40.0% complete (2000/5000 generations)
2026-04-23 17:41:02,189 - INFO - [ampar1_rin1_sigtemp0.02_sigeta0.005_sigtheta0.02_idir0.5_cwidth0.1_afrac0.1_trial00] 40.0% complete (2000/5000 generations)
2026-04-23 17:41:02,477 - INFO - [ampar0.64_rin1.27_sigtemp0.02_sigeta0.005_sigtheta0.02_idir0.55_cwidth0.1_afrac0.125_trial00] 40.0% complete (2000/5000 generations)
2026-04-23 17:41:02,527 - INFO - [ampar0.64_rin1.27_sigtemp0.02_sigeta0.005_sigtheta0.02_idir0.5_cwidth0.1_afrac0.125_trial00] 40.0% complete (2000/5000 generations)
2026-04-23 17:41:05,472 - INFO - [ampar1_rin1_sigtemp0.02_sigeta0.005_sigtheta0.02_idir0.55_cwidth0.1_afrac0.125_trial00] 40.0% complete (2000/5000 generations)
2026-04-23 17:41:06,808 - INFO - [ampar0.64_rin1.27_sigtemp0.02_sigeta0.005_sigtheta0.02_idir0.5_cwidth0.1_afrac0.1_trial00] 45.0% complete (2250/5000 generations)
2026-04-23 17:41:10,808 - INFO - [ampar1_rin1_sigtemp0.02_sigeta0.005_sigtheta0.02_idir0.5_cwidth0.1_afrac0.125_trial00] 45.0% complete (2250/5000 generations)
2026-04-23 17:41:11,954 - INFO - [ampar0.64_rin1.27_sigtemp0.02_sigeta0.005_sigtheta0.02_idir0.55_cwidth0.1_afrac0.1_trial00] 45.0% complete (2250/5000 generations)
2026-04-23 17:41:12,012 - INFO - [ampar1_rin1_sigtemp0.02_sigeta0.005_sigtheta0.02_idir0.5_cwidth0.1_afrac0.1_trial00] 45.0% complete (2250/5000 generations)
2026-04-23 17:41:12,313 - INFO - [ampar0.64_rin1.27_sigtemp0.02_sigeta0.005_sigtheta0.02_idir0.55_cwidth0.1_afrac0.125_trial00] 45.0% complete (2250/5000 generations)
2026-04-23 17:41:12,383 - INFO - [ampar0.64_rin1.27_sigtemp0.02_sigeta0.005_sigtheta0.02_idir0.5_cwidth0.1_afrac0.125_trial00] 45.0% complete (2250/5000 generations)
2026-04-23 17:41:13,049 - INFO - [ampar1_rin1_sigtemp0.02_sigeta0.005_sigtheta0.02_idir0.55_cwidth0.1_afrac0.1_trial00] 45.0% complete (2250/5000 generations)
2026-04-23 17:41:15,331 - INFO - [ampar1_rin1_sigtemp0.02_sigeta0.005_sigtheta0.02_idir0.55_cwidth0.1_afrac0.125_trial00] 45.0% complete (2250/5000 generations)
2026-04-23 17:41:15,737 - INFO - [ampar0.64_rin1.27_sigtemp0.02_sigeta0.005_sigtheta0.02_idir0.5_cwidth0.1_afrac0.1_trial00] 50.0% complete (2500/5000 generations)
2026-04-23 17:41:20,654 - INFO - [ampar1_rin1_sigtemp0.02_sigeta0.005_sigtheta0.02_idir0.5_cwidth0.1_afrac0.125_trial00] 50.0% complete (2500/5000 generations)
2026-04-23 17:41:21,763 - INFO - [ampar0.64_rin1.27_sigtemp0.02_sigeta0.005_sigtheta0.02_idir0.55_cwidth0.1_afrac0.1_trial00] 50.0% complete (2500/5000 generations)
2026-04-23 17:41:22,008 - INFO - [ampar1_rin1_sigtemp0.02_sigeta0.005_sigtheta0.02_idir0.5_cwidth0.1_afrac0.1_trial00] 50.0% complete (2500/5000 generations)
2026-04-23 17:41:22,145 - INFO - [ampar0.64_rin1.27_sigtemp0.02_sigeta0.005_sigtheta0.02_idir0.55_cwidth0.1_afrac0.125_trial00] 50.0% complete (2500/5000 generations)
2026-04-23 17:41:22,233 - INFO - [ampar0.64_rin1.27_sigtemp0.02_sigeta0.005_sigtheta0.02_idir0.5_cwidth0.1_afrac0.125_trial00] 50.0% complete (2500/5000 generations)
2026-04-23 17:41:24,620 - INFO - [ampar0.64_rin1.27_sigtemp0.02_sigeta0.005_sigtheta0.02_idir0.5_cwidth0.1_afrac0.1_trial00] 55.0% complete (2750/5000 generations)
2026-04-23 17:41:25,142 - INFO - [ampar1_rin1_sigtemp0.02_sigeta0.005_sigtheta0.02_idir0.55_cwidth0.1_afrac0.125_trial00] 50.0% complete (2500/5000 generations)
2026-04-23 17:41:27,151 - INFO - [ampar1_rin1_sigtemp0.02_sigeta0.005_sigtheta0.02_idir0.55_cwidth0.1_afrac0.1_trial00] 50.0% complete (2500/5000 generations)
2026-04-23 17:41:30,430 - INFO - [ampar1_rin1_sigtemp0.02_sigeta0.005_sigtheta0.02_idir0.5_cwidth0.1_afrac0.125_trial00] 55.0% complete (2750/5000 generations)
2026-04-23 17:41:31,524 - INFO - [ampar0.64_rin1.27_sigtemp0.02_sigeta0.005_sigtheta0.02_idir0.55_cwidth0.1_afrac0.1_trial00] 55.0% complete (2750/5000 generations)
2026-04-23 17:41:31,859 - INFO - [ampar1_rin1_sigtemp0.02_sigeta0.005_sigtheta0.02_idir0.5_cwidth0.1_afrac0.1_trial00] 55.0% complete (2750/5000 generations)
2026-04-23 17:41:31,933 - INFO - [ampar0.64_rin1.27_sigtemp0.02_sigeta0.005_sigtheta0.02_idir0.55_cwidth0.1_afrac0.125_trial00] 55.0% complete (2750/5000 generations)
2026-04-23 17:41:32,030 - INFO - [ampar0.64_rin1.27_sigtemp0.02_sigeta0.005_sigtheta0.02_idir0.5_cwidth0.1_afrac0.125_trial00] 55.0% complete (2750/5000 generations)
2026-04-23 17:41:33,531 - INFO - [ampar0.64_rin1.27_sigtemp0.02_sigeta0.005_sigtheta0.02_idir0.5_cwidth0.1_afrac0.1_trial00] 60.0% complete (3000/5000 generations)
2026-04-23 17:41:34,925 - INFO - [ampar1_rin1_sigtemp0.02_sigeta0.005_sigtheta0.02_idir0.55_cwidth0.1_afrac0.125_trial00] 55.0% complete (2750/5000 generations)
2026-04-23 17:41:40,256 - INFO - [ampar1_rin1_sigtemp0.02_sigeta0.005_sigtheta0.02_idir0.5_cwidth0.1_afrac0.125_trial00] 60.0% complete (3000/5000 generations)
2026-04-23 17:41:41,280 - INFO - [ampar1_rin1_sigtemp0.02_sigeta0.005_sigtheta0.02_idir0.55_cwidth0.1_afrac0.1_trial00] 55.0% complete (2750/5000 generations)
2026-04-23 17:41:41,367 - INFO - [ampar0.64_rin1.27_sigtemp0.02_sigeta0.005_sigtheta0.02_idir0.55_cwidth0.1_afrac0.1_trial00] 60.0% complete (3000/5000 generations)
2026-04-23 17:41:41,702 - INFO - [ampar1_rin1_sigtemp0.02_sigeta0.005_sigtheta0.02_idir0.5_cwidth0.1_afrac0.1_trial00] 60.0% complete (3000/5000 generations)
2026-04-23 17:41:41,810 - INFO - [ampar0.64_rin1.27_sigtemp0.02_sigeta0.005_sigtheta0.02_idir0.55_cwidth0.1_afrac0.125_trial00] 60.0% complete (3000/5000 generations)
2026-04-23 17:41:41,913 - INFO - [ampar0.64_rin1.27_sigtemp0.02_sigeta0.005_sigtheta0.02_idir0.5_cwidth0.1_afrac0.125_trial00] 60.0% complete (3000/5000 generations)
2026-04-23 17:41:42,467 - INFO - [ampar0.64_rin1.27_sigtemp0.02_sigeta0.005_sigtheta0.02_idir0.5_cwidth0.1_afrac0.1_trial00] 65.0% complete (3250/5000 generations)
2026-04-23 17:41:44,805 - INFO - [ampar1_rin1_sigtemp0.02_sigeta0.005_sigtheta0.02_idir0.55_cwidth0.1_afrac0.125_trial00] 60.0% complete (3000/5000 generations)
2026-04-23 17:41:50,122 - INFO - [ampar1_rin1_sigtemp0.02_sigeta0.005_sigtheta0.02_idir0.5_cwidth0.1_afrac0.125_trial00] 65.0% complete (3250/5000 generations)
2026-04-23 17:41:51,182 - INFO - [ampar0.64_rin1.27_sigtemp0.02_sigeta0.005_sigtheta0.02_idir0.55_cwidth0.1_afrac0.1_trial00] 65.0% complete (3250/5000 generations)
2026-04-23 17:41:51,351 - INFO - [ampar0.64_rin1.27_sigtemp0.02_sigeta0.005_sigtheta0.02_idir0.5_cwidth0.1_afrac0.1_trial00] 70.0% complete (3500/5000 generations)
2026-04-23 17:41:51,509 - INFO - [ampar1_rin1_sigtemp0.02_sigeta0.005_sigtheta0.02_idir0.5_cwidth0.1_afrac0.1_trial00] 65.0% complete (3250/5000 generations)
2026-04-23 17:41:51,659 - INFO - [ampar0.64_rin1.27_sigtemp0.02_sigeta0.005_sigtheta0.02_idir0.55_cwidth0.1_afrac0.125_trial00] 65.0% complete (3250/5000 generations)
2026-04-23 17:41:51,759 - INFO - [ampar0.64_rin1.27_sigtemp0.02_sigeta0.005_sigtheta0.02_idir0.5_cwidth0.1_afrac0.125_trial00] 65.0% complete (3250/5000 generations)
2026-04-23 17:41:54,593 - INFO - [ampar1_rin1_sigtemp0.02_sigeta0.005_sigtheta0.02_idir0.55_cwidth0.1_afrac0.125_trial00] 65.0% complete (3250/5000 generations)
2026-04-23 17:41:55,340 - INFO - [ampar1_rin1_sigtemp0.02_sigeta0.005_sigtheta0.02_idir0.55_cwidth0.1_afrac0.1_trial00] 60.0% complete (3000/5000 generations)
2026-04-23 17:41:59,966 - INFO - [ampar1_rin1_sigtemp0.02_sigeta0.005_sigtheta0.02_idir0.5_cwidth0.1_afrac0.125_trial00] 70.0% complete (3500/5000 generations)
2026-04-23 17:42:00,251 - INFO - [ampar0.64_rin1.27_sigtemp0.02_sigeta0.005_sigtheta0.02_idir0.5_cwidth0.1_afrac0.1_trial00] 75.0% complete (3750/5000 generations)
2026-04-23 17:42:01,000 - INFO - [ampar0.64_rin1.27_sigtemp0.02_sigeta0.005_sigtheta0.02_idir0.55_cwidth0.1_afrac0.1_trial00] 70.0% complete (3500/5000 generations)
2026-04-23 17:42:01,317 - INFO - [ampar1_rin1_sigtemp0.02_sigeta0.005_sigtheta0.02_idir0.5_cwidth0.1_afrac0.1_trial00] 70.0% complete (3500/5000 generations)
2026-04-23 17:42:01,497 - INFO - [ampar0.64_rin1.27_sigtemp0.02_sigeta0.005_sigtheta0.02_idir0.55_cwidth0.1_afrac0.125_trial00] 70.0% complete (3500/5000 generations)
2026-04-23 17:42:01,613 - INFO - [ampar0.64_rin1.27_sigtemp0.02_sigeta0.005_sigtheta0.02_idir0.5_cwidth0.1_afrac0.125_trial00] 70.0% complete (3500/5000 generations)
2026-04-23 17:42:04,441 - INFO - [ampar1_rin1_sigtemp0.02_sigeta0.005_sigtheta0.02_idir0.55_cwidth0.1_afrac0.125_trial00] 70.0% complete (3500/5000 generations)
2026-04-23 17:42:09,157 - INFO - [ampar0.64_rin1.27_sigtemp0.02_sigeta0.005_sigtheta0.02_idir0.5_cwidth0.1_afrac0.1_trial00] 80.0% complete (4000/5000 generations)
2026-04-23 17:42:09,462 - INFO - [ampar1_rin1_sigtemp0.02_sigeta0.005_sigtheta0.02_idir0.55_cwidth0.1_afrac0.1_trial00] 65.0% complete (3250/5000 generations)
2026-04-23 17:42:09,794 - INFO - [ampar1_rin1_sigtemp0.02_sigeta0.005_sigtheta0.02_idir0.5_cwidth0.1_afrac0.125_trial00] 75.0% complete (3750/5000 generations)
2026-04-23 17:42:10,813 - INFO - [ampar0.64_rin1.27_sigtemp0.02_sigeta0.005_sigtheta0.02_idir0.55_cwidth0.1_afrac0.1_trial00] 75.0% complete (3750/5000 generations)
2026-04-23 17:42:11,130 - INFO - [ampar1_rin1_sigtemp0.02_sigeta0.005_sigtheta0.02_idir0.5_cwidth0.1_afrac0.1_trial00] 75.0% complete (3750/5000 generations)
2026-04-23 17:42:11,327 - INFO - [ampar0.64_rin1.27_sigtemp0.02_sigeta0.005_sigtheta0.02_idir0.55_cwidth0.1_afrac0.125_trial00] 75.0% complete (3750/5000 generations)
2026-04-23 17:42:11,450 - INFO - [ampar0.64_rin1.27_sigtemp0.02_sigeta0.005_sigtheta0.02_idir0.5_cwidth0.1_afrac0.125_trial00] 75.0% complete (3750/5000 generations)
2026-04-23 17:42:14,242 - INFO - [ampar1_rin1_sigtemp0.02_sigeta0.005_sigtheta0.02_idir0.55_cwidth0.1_afrac0.125_trial00] 75.0% complete (3750/5000 generations)
2026-04-23 17:42:18,047 - INFO - [ampar0.64_rin1.27_sigtemp0.02_sigeta0.005_sigtheta0.02_idir0.5_cwidth0.1_afrac0.1_trial00] 85.0% complete (4250/5000 generations)
2026-04-23 17:42:19,617 - INFO - [ampar1_rin1_sigtemp0.02_sigeta0.005_sigtheta0.02_idir0.5_cwidth0.1_afrac0.125_trial00] 80.0% complete (4000/5000 generations)
2026-04-23 17:42:20,624 - INFO - [ampar0.64_rin1.27_sigtemp0.02_sigeta0.005_sigtheta0.02_idir0.55_cwidth0.1_afrac0.1_trial00] 80.0% complete (4000/5000 generations)
2026-04-23 17:42:20,932 - INFO - [ampar1_rin1_sigtemp0.02_sigeta0.005_sigtheta0.02_idir0.5_cwidth0.1_afrac0.1_trial00] 80.0% complete (4000/5000 generations)
2026-04-23 17:42:21,164 - INFO - [ampar0.64_rin1.27_sigtemp0.02_sigeta0.005_sigtheta0.02_idir0.55_cwidth0.1_afrac0.125_trial00] 80.0% complete (4000/5000 generations)
2026-04-23 17:42:21,297 - INFO - [ampar0.64_rin1.27_sigtemp0.02_sigeta0.005_sigtheta0.02_idir0.5_cwidth0.1_afrac0.125_trial00] 80.0% complete (4000/5000 generations)
2026-04-23 17:42:23,560 - INFO - [ampar1_rin1_sigtemp0.02_sigeta0.005_sigtheta0.02_idir0.55_cwidth0.1_afrac0.1_trial00] 70.0% complete (3500/5000 generations)
2026-04-23 17:42:24,053 - INFO - [ampar1_rin1_sigtemp0.02_sigeta0.005_sigtheta0.02_idir0.55_cwidth0.1_afrac0.125_trial00] 80.0% complete (4000/5000 generations)
2026-04-23 17:42:26,966 - INFO - [ampar0.64_rin1.27_sigtemp0.02_sigeta0.005_sigtheta0.02_idir0.5_cwidth0.1_afrac0.1_trial00] 90.0% complete (4500/5000 generations)
2026-04-23 17:42:29,431 - INFO - [ampar1_rin1_sigtemp0.02_sigeta0.005_sigtheta0.02_idir0.5_cwidth0.1_afrac0.125_trial00] 85.0% complete (4250/5000 generations)
2026-04-23 17:42:30,420 - INFO - [ampar0.64_rin1.27_sigtemp0.02_sigeta0.005_sigtheta0.02_idir0.55_cwidth0.1_afrac0.1_trial00] 85.0% complete (4250/5000 generations)
2026-04-23 17:42:30,732 - INFO - [ampar1_rin1_sigtemp0.02_sigeta0.005_sigtheta0.02_idir0.5_cwidth0.1_afrac0.1_trial00] 85.0% complete (4250/5000 generations)
2026-04-23 17:42:30,976 - INFO - [ampar0.64_rin1.27_sigtemp0.02_sigeta0.005_sigtheta0.02_idir0.55_cwidth0.1_afrac0.125_trial00] 85.0% complete (4250/5000 generations)
2026-04-23 17:42:31,132 - INFO - [ampar0.64_rin1.27_sigtemp0.02_sigeta0.005_sigtheta0.02_idir0.5_cwidth0.1_afrac0.125_trial00] 85.0% complete (4250/5000 generations)
2026-04-23 17:42:33,904 - INFO - [ampar1_rin1_sigtemp0.02_sigeta0.005_sigtheta0.02_idir0.55_cwidth0.1_afrac0.125_trial00] 85.0% complete (4250/5000 generations)
2026-04-23 17:42:35,913 - INFO - [ampar0.64_rin1.27_sigtemp0.02_sigeta0.005_sigtheta0.02_idir0.5_cwidth0.1_afrac0.1_trial00] 95.0% complete (4750/5000 generations)
2026-04-23 17:42:37,768 - INFO - [ampar1_rin1_sigtemp0.02_sigeta0.005_sigtheta0.02_idir0.55_cwidth0.1_afrac0.1_trial00] 75.0% complete (3750/5000 generations)
2026-04-23 17:42:39,351 - INFO - [ampar1_rin1_sigtemp0.02_sigeta0.005_sigtheta0.02_idir0.5_cwidth0.1_afrac0.125_trial00] 90.0% complete (4500/5000 generations)
2026-04-23 17:42:40,422 - INFO - [ampar0.64_rin1.27_sigtemp0.02_sigeta0.005_sigtheta0.02_idir0.55_cwidth0.1_afrac0.1_trial00] 90.0% complete (4500/5000 generations)
2026-04-23 17:42:40,610 - INFO - [ampar1_rin1_sigtemp0.02_sigeta0.005_sigtheta0.02_idir0.5_cwidth0.1_afrac0.1_trial00] 90.0% complete (4500/5000 generations)
2026-04-23 17:42:40,885 - INFO - [ampar0.64_rin1.27_sigtemp0.02_sigeta0.005_sigtheta0.02_idir0.55_cwidth0.1_afrac0.125_trial00] 90.0% complete (4500/5000 generations)
2026-04-23 17:42:41,067 - INFO - [ampar0.64_rin1.27_sigtemp0.02_sigeta0.005_sigtheta0.02_idir0.5_cwidth0.1_afrac0.125_trial00] 90.0% complete (4500/5000 generations)
2026-04-23 17:42:43,746 - INFO - [ampar1_rin1_sigtemp0.02_sigeta0.005_sigtheta0.02_idir0.55_cwidth0.1_afrac0.125_trial00] 90.0% complete (4500/5000 generations)
2026-04-23 17:42:45,175 - INFO - Finished run ampar0.64_rin1.27_sigtemp0.02_sigeta0.005_sigtheta0.02_idir0.5_cwidth0.1_afrac0.1_trial00
2026-04-23 17:42:49,190 - INFO - [ampar1_rin1_sigtemp0.02_sigeta0.005_sigtheta0.02_idir0.5_cwidth0.1_afrac0.125_trial00] 95.0% complete (4750/5000 generations)
2026-04-23 17:42:50,520 - INFO - [ampar0.64_rin1.27_sigtemp0.02_sigeta0.005_sigtheta0.02_idir0.55_cwidth0.1_afrac0.1_trial00] 95.0% complete (4750/5000 generations)
2026-04-23 17:42:50,571 - INFO - [ampar1_rin1_sigtemp0.02_sigeta0.005_sigtheta0.02_idir0.5_cwidth0.1_afrac0.1_trial00] 95.0% complete (4750/5000 generations)
2026-04-23 17:42:50,902 - INFO - [ampar0.64_rin1.27_sigtemp0.02_sigeta0.005_sigtheta0.02_idir0.55_cwidth0.1_afrac0.125_trial00] 95.0% complete (4750/5000 generations)
2026-04-23 17:42:51,099 - INFO - [ampar0.64_rin1.27_sigtemp0.02_sigeta0.005_sigtheta0.02_idir0.5_cwidth0.1_afrac0.125_trial00] 95.0% complete (4750/5000 generations)
2026-04-23 17:42:52,031 - INFO - [ampar1_rin1_sigtemp0.02_sigeta0.005_sigtheta0.02_idir0.55_cwidth0.1_afrac0.1_trial00] 80.0% complete (4000/5000 generations)
2026-04-23 17:42:53,766 - INFO - [ampar1_rin1_sigtemp0.02_sigeta0.005_sigtheta0.02_idir0.55_cwidth0.1_afrac0.125_trial00] 95.0% complete (4750/5000 generations)
2026-04-23 17:42:59,489 - INFO - Finished run ampar1_rin1_sigtemp0.02_sigeta0.005_sigtheta0.02_idir0.5_cwidth0.1_afrac0.125_trial00
2026-04-23 17:43:00,659 - INFO - Finished run ampar0.64_rin1.27_sigtemp0.02_sigeta0.005_sigtheta0.02_idir0.55_cwidth0.1_afrac0.1_trial00
2026-04-23 17:43:00,661 - INFO - Finished run ampar1_rin1_sigtemp0.02_sigeta0.005_sigtheta0.02_idir0.5_cwidth0.1_afrac0.1_trial00
2026-04-23 17:43:00,978 - INFO - Finished run ampar0.64_rin1.27_sigtemp0.02_sigeta0.005_sigtheta0.02_idir0.55_cwidth0.1_afrac0.125_trial00
2026-04-23 17:43:01,211 - INFO - Finished run ampar0.64_rin1.27_sigtemp0.02_sigeta0.005_sigtheta0.02_idir0.5_cwidth0.1_afrac0.125_trial00
2026-04-23 17:43:03,599 - INFO - Finished run ampar1_rin1_sigtemp0.02_sigeta0.005_sigtheta0.02_idir0.55_cwidth0.1_afrac0.125_trial00
2026-04-23 17:43:06,069 - INFO - [ampar1_rin1_sigtemp0.02_sigeta0.005_sigtheta0.02_idir0.55_cwidth0.1_afrac0.1_trial00] 85.0% complete (4250/5000 generations)
2026-04-23 17:43:20,036 - INFO - [ampar1_rin1_sigtemp0.02_sigeta0.005_sigtheta0.02_idir0.55_cwidth0.1_afrac0.1_trial00] 90.0% complete (4500/5000 generations)
2026-04-23 17:43:30,259 - INFO - [ampar1_rin1_sigtemp0.02_sigeta0.005_sigtheta0.02_idir0.55_cwidth0.1_afrac0.1_trial00] 95.0% complete (4750/5000 generations)
2026-04-23 17:43:39,371 - INFO - Finished run ampar1_rin1_sigtemp0.02_sigeta0.005_sigtheta0.02_idir0.55_cwidth0.1_afrac0.1_trial00
