2026-01-20 17:06:54,943 - INFO - Running 8 simulations across 48 worker(s)
2026-01-20 17:06:55,138 - INFO - Starting run g1.000_rin1.000_sigmatemp0.000_sigmaeta0.000_sigma_theta0.010_idir0.500250_trial00
2026-01-20 17:06:55,138 - INFO - Starting run g1.000_rin1.000_sigmatemp0.000_sigmaeta0.000_sigma_theta0.010_idir0.500500_trial00
2026-01-20 17:06:55,138 - INFO - Starting run g1.000_rin1.000_sigmatemp0.000_sigmaeta0.000_sigma_theta0.010_idir0.500000_trial00
2026-01-20 17:06:55,138 - INFO - Starting run g1.000_rin1.000_sigmatemp0.000_sigmaeta0.000_sigma_theta0.010_idir0.501000_trial00
2026-01-20 17:06:55,139 - INFO - Starting run g1.000_rin1.000_sigmatemp0.000_sigmaeta0.000_sigma_theta0.010_idir0.502500_trial00
2026-01-20 17:06:55,139 - INFO - Starting run g1.000_rin1.000_sigmatemp0.000_sigmaeta0.000_sigma_theta0.010_idir0.505000_trial00
2026-01-20 17:06:55,139 - INFO - Starting run g1.000_rin1.000_sigmatemp0.000_sigmaeta0.000_sigma_theta0.010_idir0.510000_trial00
2026-01-20 17:06:55,140 - INFO - Starting run g1.000_rin1.000_sigmatemp0.000_sigmaeta0.000_sigma_theta0.010_idir0.520000_trial00
2026-01-20 17:06:55,278 - INFO - Running on device: cpu
2026-01-20 17:06:55,310 - INFO - Running on device: cpu
2026-01-20 17:06:55,362 - INFO - Running on device: cpu
2026-01-20 17:06:55,370 - INFO - Running on device: cpu
2026-01-20 17:06:55,374 - INFO - Running on device: cpu
2026-01-20 17:06:55,401 - INFO - Running on device: cpu
2026-01-20 17:06:55,434 - INFO - Running on device: cpu
2026-01-20 17:06:55,440 - INFO - Running on device: cpu
2026-01-20 17:06:56,493 - INFO - [g1.000_rin1.000_sigmatemp0.000_sigmaeta0.000_sigma_theta0.010_idir0.500000_trial00] 0.0% complete (0/5000 generations)
2026-01-20 17:06:56,776 - INFO - [g1.000_rin1.000_sigmatemp0.000_sigmaeta0.000_sigma_theta0.010_idir0.520000_trial00] 0.0% complete (0/5000 generations)
2026-01-20 17:06:56,818 - INFO - [g1.000_rin1.000_sigmatemp0.000_sigmaeta0.000_sigma_theta0.010_idir0.505000_trial00] 0.0% complete (0/5000 generations)
2026-01-20 17:06:56,840 - INFO - [g1.000_rin1.000_sigmatemp0.000_sigmaeta0.000_sigma_theta0.010_idir0.500250_trial00] 0.0% complete (0/5000 generations)
2026-01-20 17:06:56,882 - INFO - [g1.000_rin1.000_sigmatemp0.000_sigmaeta0.000_sigma_theta0.010_idir0.510000_trial00] 0.0% complete (0/5000 generations)
2026-01-20 17:06:56,906 - INFO - [g1.000_rin1.000_sigmatemp0.000_sigmaeta0.000_sigma_theta0.010_idir0.500500_trial00] 0.0% complete (0/5000 generations)
2026-01-20 17:06:56,989 - INFO - [g1.000_rin1.000_sigmatemp0.000_sigmaeta0.000_sigma_theta0.010_idir0.501000_trial00] 0.0% complete (0/5000 generations)
2026-01-20 17:06:57,011 - INFO - [g1.000_rin1.000_sigmatemp0.000_sigmaeta0.000_sigma_theta0.010_idir0.502500_trial00] 0.0% complete (0/5000 generations)
2026-01-20 17:11:17,544 - INFO - [g1.000_rin1.000_sigmatemp0.000_sigmaeta0.000_sigma_theta0.010_idir0.510000_trial00] 5.0% complete (250/5000 generations)
2026-01-20 17:11:27,617 - INFO - [g1.000_rin1.000_sigmatemp0.000_sigmaeta0.000_sigma_theta0.010_idir0.520000_trial00] 5.0% complete (250/5000 generations)
2026-01-20 17:11:27,871 - INFO - [g1.000_rin1.000_sigmatemp0.000_sigmaeta0.000_sigma_theta0.010_idir0.500000_trial00] 5.0% complete (250/5000 generations)
2026-01-20 17:11:28,005 - INFO - [g1.000_rin1.000_sigmatemp0.000_sigmaeta0.000_sigma_theta0.010_idir0.502500_trial00] 5.0% complete (250/5000 generations)
2026-01-20 17:11:28,090 - INFO - [g1.000_rin1.000_sigmatemp0.000_sigmaeta0.000_sigma_theta0.010_idir0.505000_trial00] 5.0% complete (250/5000 generations)
2026-01-20 17:11:28,095 - INFO - [g1.000_rin1.000_sigmatemp0.000_sigmaeta0.000_sigma_theta0.010_idir0.500250_trial00] 5.0% complete (250/5000 generations)
2026-01-20 17:11:28,341 - INFO - [g1.000_rin1.000_sigmatemp0.000_sigmaeta0.000_sigma_theta0.010_idir0.501000_trial00] 5.0% complete (250/5000 generations)
2026-01-20 17:11:28,952 - INFO - [g1.000_rin1.000_sigmatemp0.000_sigmaeta0.000_sigma_theta0.010_idir0.500500_trial00] 5.0% complete (250/5000 generations)
2026-01-20 17:15:39,744 - INFO - [g1.000_rin1.000_sigmatemp0.000_sigmaeta0.000_sigma_theta0.010_idir0.510000_trial00] 10.0% complete (500/5000 generations)
2026-01-20 17:15:55,656 - INFO - [g1.000_rin1.000_sigmatemp0.000_sigmaeta0.000_sigma_theta0.010_idir0.520000_trial00] 10.0% complete (500/5000 generations)
2026-01-20 17:15:55,952 - INFO - [g1.000_rin1.000_sigmatemp0.000_sigmaeta0.000_sigma_theta0.010_idir0.500000_trial00] 10.0% complete (500/5000 generations)
2026-01-20 17:15:56,433 - INFO - [g1.000_rin1.000_sigmatemp0.000_sigmaeta0.000_sigma_theta0.010_idir0.502500_trial00] 10.0% complete (500/5000 generations)
2026-01-20 17:15:56,828 - INFO - [g1.000_rin1.000_sigmatemp0.000_sigmaeta0.000_sigma_theta0.010_idir0.500250_trial00] 10.0% complete (500/5000 generations)
2026-01-20 17:15:56,840 - INFO - [g1.000_rin1.000_sigmatemp0.000_sigmaeta0.000_sigma_theta0.010_idir0.505000_trial00] 10.0% complete (500/5000 generations)
2026-01-20 17:15:57,001 - INFO - [g1.000_rin1.000_sigmatemp0.000_sigmaeta0.000_sigma_theta0.010_idir0.501000_trial00] 10.0% complete (500/5000 generations)
2026-01-20 17:15:59,204 - INFO - [g1.000_rin1.000_sigmatemp0.000_sigmaeta0.000_sigma_theta0.010_idir0.500500_trial00] 10.0% complete (500/5000 generations)
2026-01-20 17:19:59,656 - INFO - [g1.000_rin1.000_sigmatemp0.000_sigmaeta0.000_sigma_theta0.010_idir0.510000_trial00] 15.0% complete (750/5000 generations)
2026-01-20 17:20:25,001 - INFO - [g1.000_rin1.000_sigmatemp0.000_sigmaeta0.000_sigma_theta0.010_idir0.520000_trial00] 15.0% complete (750/5000 generations)
2026-01-20 17:20:25,756 - INFO - [g1.000_rin1.000_sigmatemp0.000_sigmaeta0.000_sigma_theta0.010_idir0.500000_trial00] 15.0% complete (750/5000 generations)
2026-01-20 17:20:26,861 - INFO - [g1.000_rin1.000_sigmatemp0.000_sigmaeta0.000_sigma_theta0.010_idir0.500250_trial00] 15.0% complete (750/5000 generations)
2026-01-20 17:20:27,497 - INFO - [g1.000_rin1.000_sigmatemp0.000_sigmaeta0.000_sigma_theta0.010_idir0.502500_trial00] 15.0% complete (750/5000 generations)
2026-01-20 17:20:27,562 - INFO - [g1.000_rin1.000_sigmatemp0.000_sigmaeta0.000_sigma_theta0.010_idir0.505000_trial00] 15.0% complete (750/5000 generations)
2026-01-20 17:20:27,789 - INFO - [g1.000_rin1.000_sigmatemp0.000_sigmaeta0.000_sigma_theta0.010_idir0.501000_trial00] 15.0% complete (750/5000 generations)
2026-01-20 17:20:30,632 - INFO - [g1.000_rin1.000_sigmatemp0.000_sigmaeta0.000_sigma_theta0.010_idir0.500500_trial00] 15.0% complete (750/5000 generations)
2026-01-20 17:24:19,400 - INFO - [g1.000_rin1.000_sigmatemp0.000_sigmaeta0.000_sigma_theta0.010_idir0.510000_trial00] 20.0% complete (1000/5000 generations)
2026-01-20 17:24:57,049 - INFO - [g1.000_rin1.000_sigmatemp0.000_sigmaeta0.000_sigma_theta0.010_idir0.500000_trial00] 20.0% complete (1000/5000 generations)
2026-01-20 17:24:57,348 - INFO - [g1.000_rin1.000_sigmatemp0.000_sigmaeta0.000_sigma_theta0.010_idir0.520000_trial00] 20.0% complete (1000/5000 generations)
2026-01-20 17:24:59,559 - INFO - [g1.000_rin1.000_sigmatemp0.000_sigmaeta0.000_sigma_theta0.010_idir0.500250_trial00] 20.0% complete (1000/5000 generations)
2026-01-20 17:24:59,574 - INFO - [g1.000_rin1.000_sigmatemp0.000_sigmaeta0.000_sigma_theta0.010_idir0.505000_trial00] 20.0% complete (1000/5000 generations)
2026-01-20 17:25:00,107 - INFO - [g1.000_rin1.000_sigmatemp0.000_sigmaeta0.000_sigma_theta0.010_idir0.501000_trial00] 20.0% complete (1000/5000 generations)
2026-01-20 17:25:00,743 - INFO - [g1.000_rin1.000_sigmatemp0.000_sigmaeta0.000_sigma_theta0.010_idir0.502500_trial00] 20.0% complete (1000/5000 generations)
2026-01-20 17:25:04,152 - INFO - [g1.000_rin1.000_sigmatemp0.000_sigmaeta0.000_sigma_theta0.010_idir0.500500_trial00] 20.0% complete (1000/5000 generations)
2026-01-20 17:28:40,475 - INFO - [g1.000_rin1.000_sigmatemp0.000_sigmaeta0.000_sigma_theta0.010_idir0.510000_trial00] 25.0% complete (1250/5000 generations)
2026-01-20 17:29:31,738 - INFO - [g1.000_rin1.000_sigmatemp0.000_sigmaeta0.000_sigma_theta0.010_idir0.500000_trial00] 25.0% complete (1250/5000 generations)
2026-01-20 17:29:32,312 - INFO - [g1.000_rin1.000_sigmatemp0.000_sigmaeta0.000_sigma_theta0.010_idir0.520000_trial00] 25.0% complete (1250/5000 generations)
2026-01-20 17:29:34,891 - INFO - [g1.000_rin1.000_sigmatemp0.000_sigmaeta0.000_sigma_theta0.010_idir0.500250_trial00] 25.0% complete (1250/5000 generations)
2026-01-20 17:29:34,927 - INFO - [g1.000_rin1.000_sigmatemp0.000_sigmaeta0.000_sigma_theta0.010_idir0.505000_trial00] 25.0% complete (1250/5000 generations)
2026-01-20 17:29:35,854 - INFO - [g1.000_rin1.000_sigmatemp0.000_sigmaeta0.000_sigma_theta0.010_idir0.501000_trial00] 25.0% complete (1250/5000 generations)
2026-01-20 17:29:36,187 - INFO - [g1.000_rin1.000_sigmatemp0.000_sigmaeta0.000_sigma_theta0.010_idir0.502500_trial00] 25.0% complete (1250/5000 generations)
2026-01-20 17:29:40,398 - INFO - [g1.000_rin1.000_sigmatemp0.000_sigmaeta0.000_sigma_theta0.010_idir0.500500_trial00] 25.0% complete (1250/5000 generations)
2026-01-20 17:33:12,253 - INFO - [g1.000_rin1.000_sigmatemp0.000_sigmaeta0.000_sigma_theta0.010_idir0.510000_trial00] 30.0% complete (1500/5000 generations)
2026-01-20 17:34:14,461 - INFO - [g1.000_rin1.000_sigmatemp0.000_sigmaeta0.000_sigma_theta0.010_idir0.520000_trial00] 30.0% complete (1500/5000 generations)
2026-01-20 17:34:15,394 - INFO - [g1.000_rin1.000_sigmatemp0.000_sigmaeta0.000_sigma_theta0.010_idir0.500000_trial00] 30.0% complete (1500/5000 generations)
2026-01-20 17:34:17,751 - INFO - [g1.000_rin1.000_sigmatemp0.000_sigmaeta0.000_sigma_theta0.010_idir0.500250_trial00] 30.0% complete (1500/5000 generations)
2026-01-20 17:34:19,553 - INFO - [g1.000_rin1.000_sigmatemp0.000_sigmaeta0.000_sigma_theta0.010_idir0.502500_trial00] 30.0% complete (1500/5000 generations)
2026-01-20 17:34:21,193 - INFO - [g1.000_rin1.000_sigmatemp0.000_sigmaeta0.000_sigma_theta0.010_idir0.505000_trial00] 30.0% complete (1500/5000 generations)
2026-01-20 17:34:21,666 - INFO - [g1.000_rin1.000_sigmatemp0.000_sigmaeta0.000_sigma_theta0.010_idir0.501000_trial00] 30.0% complete (1500/5000 generations)
2026-01-20 17:34:30,173 - INFO - [g1.000_rin1.000_sigmatemp0.000_sigmaeta0.000_sigma_theta0.010_idir0.500500_trial00] 30.0% complete (1500/5000 generations)
2026-01-20 17:37:40,652 - INFO - [g1.000_rin1.000_sigmatemp0.000_sigmaeta0.000_sigma_theta0.010_idir0.510000_trial00] 35.0% complete (1750/5000 generations)
2026-01-20 17:38:48,240 - INFO - [g1.000_rin1.000_sigmatemp0.000_sigmaeta0.000_sigma_theta0.010_idir0.520000_trial00] 35.0% complete (1750/5000 generations)
2026-01-20 17:38:49,757 - INFO - [g1.000_rin1.000_sigmatemp0.000_sigmaeta0.000_sigma_theta0.010_idir0.500000_trial00] 35.0% complete (1750/5000 generations)
2026-01-20 17:38:53,039 - INFO - [g1.000_rin1.000_sigmatemp0.000_sigmaeta0.000_sigma_theta0.010_idir0.500250_trial00] 35.0% complete (1750/5000 generations)
2026-01-20 17:38:53,754 - INFO - [g1.000_rin1.000_sigmatemp0.000_sigmaeta0.000_sigma_theta0.010_idir0.502500_trial00] 35.0% complete (1750/5000 generations)
2026-01-20 17:38:56,132 - INFO - [g1.000_rin1.000_sigmatemp0.000_sigmaeta0.000_sigma_theta0.010_idir0.505000_trial00] 35.0% complete (1750/5000 generations)
2026-01-20 17:38:56,657 - INFO - [g1.000_rin1.000_sigmatemp0.000_sigmaeta0.000_sigma_theta0.010_idir0.501000_trial00] 35.0% complete (1750/5000 generations)
2026-01-20 17:39:05,008 - INFO - [g1.000_rin1.000_sigmatemp0.000_sigmaeta0.000_sigma_theta0.010_idir0.500500_trial00] 35.0% complete (1750/5000 generations)
2026-01-20 17:42:01,694 - INFO - [g1.000_rin1.000_sigmatemp0.000_sigmaeta0.000_sigma_theta0.010_idir0.510000_trial00] 40.0% complete (2000/5000 generations)
2026-01-20 17:43:20,382 - INFO - [g1.000_rin1.000_sigmatemp0.000_sigmaeta0.000_sigma_theta0.010_idir0.520000_trial00] 40.0% complete (2000/5000 generations)
2026-01-20 17:43:21,042 - INFO - [g1.000_rin1.000_sigmatemp0.000_sigmaeta0.000_sigma_theta0.010_idir0.500000_trial00] 40.0% complete (2000/5000 generations)
2026-01-20 17:43:24,812 - INFO - [g1.000_rin1.000_sigmatemp0.000_sigmaeta0.000_sigma_theta0.010_idir0.500250_trial00] 40.0% complete (2000/5000 generations)
2026-01-20 17:43:25,298 - INFO - [g1.000_rin1.000_sigmatemp0.000_sigmaeta0.000_sigma_theta0.010_idir0.502500_trial00] 40.0% complete (2000/5000 generations)
2026-01-20 17:43:28,460 - INFO - [g1.000_rin1.000_sigmatemp0.000_sigmaeta0.000_sigma_theta0.010_idir0.505000_trial00] 40.0% complete (2000/5000 generations)
2026-01-20 17:43:28,654 - INFO - [g1.000_rin1.000_sigmatemp0.000_sigmaeta0.000_sigma_theta0.010_idir0.501000_trial00] 40.0% complete (2000/5000 generations)
2026-01-20 17:43:37,320 - INFO - [g1.000_rin1.000_sigmatemp0.000_sigmaeta0.000_sigma_theta0.010_idir0.500500_trial00] 40.0% complete (2000/5000 generations)
2026-01-20 17:46:25,425 - INFO - [g1.000_rin1.000_sigmatemp0.000_sigmaeta0.000_sigma_theta0.010_idir0.510000_trial00] 45.0% complete (2250/5000 generations)
2026-01-20 17:48:03,800 - INFO - [g1.000_rin1.000_sigmatemp0.000_sigmaeta0.000_sigma_theta0.010_idir0.500250_trial00] 45.0% complete (2250/5000 generations)
2026-01-20 17:48:18,454 - INFO - [g1.000_rin1.000_sigmatemp0.000_sigmaeta0.000_sigma_theta0.010_idir0.520000_trial00] 45.0% complete (2250/5000 generations)
2026-01-20 17:48:30,551 - INFO - [g1.000_rin1.000_sigmatemp0.000_sigmaeta0.000_sigma_theta0.010_idir0.502500_trial00] 45.0% complete (2250/5000 generations)
2026-01-20 17:48:43,192 - INFO - [g1.000_rin1.000_sigmatemp0.000_sigmaeta0.000_sigma_theta0.010_idir0.500000_trial00] 45.0% complete (2250/5000 generations)
2026-01-20 17:48:49,938 - INFO - [g1.000_rin1.000_sigmatemp0.000_sigmaeta0.000_sigma_theta0.010_idir0.505000_trial00] 45.0% complete (2250/5000 generations)
2026-01-20 17:48:55,720 - INFO - [g1.000_rin1.000_sigmatemp0.000_sigmaeta0.000_sigma_theta0.010_idir0.501000_trial00] 45.0% complete (2250/5000 generations)
2026-01-20 17:49:13,005 - INFO - [g1.000_rin1.000_sigmatemp0.000_sigmaeta0.000_sigma_theta0.010_idir0.500500_trial00] 45.0% complete (2250/5000 generations)
2026-01-20 17:51:59,728 - INFO - [g1.000_rin1.000_sigmatemp0.000_sigmaeta0.000_sigma_theta0.010_idir0.510000_trial00] 50.0% complete (2500/5000 generations)
2026-01-20 17:52:58,290 - INFO - [g1.000_rin1.000_sigmatemp0.000_sigmaeta0.000_sigma_theta0.010_idir0.500250_trial00] 50.0% complete (2500/5000 generations)
2026-01-20 17:53:07,518 - INFO - [g1.000_rin1.000_sigmatemp0.000_sigmaeta0.000_sigma_theta0.010_idir0.520000_trial00] 50.0% complete (2500/5000 generations)
2026-01-20 17:53:18,566 - INFO - [g1.000_rin1.000_sigmatemp0.000_sigmaeta0.000_sigma_theta0.010_idir0.502500_trial00] 50.0% complete (2500/5000 generations)
2026-01-20 17:53:28,655 - INFO - [g1.000_rin1.000_sigmatemp0.000_sigmaeta0.000_sigma_theta0.010_idir0.505000_trial00] 50.0% complete (2500/5000 generations)
2026-01-20 17:53:28,748 - INFO - [g1.000_rin1.000_sigmatemp0.000_sigmaeta0.000_sigma_theta0.010_idir0.500000_trial00] 50.0% complete (2500/5000 generations)
2026-01-20 17:53:36,276 - INFO - [g1.000_rin1.000_sigmatemp0.000_sigmaeta0.000_sigma_theta0.010_idir0.501000_trial00] 50.0% complete (2500/5000 generations)
2026-01-20 17:53:47,607 - INFO - [g1.000_rin1.000_sigmatemp0.000_sigmaeta0.000_sigma_theta0.010_idir0.500500_trial00] 50.0% complete (2500/5000 generations)
2026-01-20 17:56:25,973 - INFO - [g1.000_rin1.000_sigmatemp0.000_sigmaeta0.000_sigma_theta0.010_idir0.510000_trial00] 55.0% complete (2750/5000 generations)
2026-01-20 17:57:30,359 - INFO - [g1.000_rin1.000_sigmatemp0.000_sigmaeta0.000_sigma_theta0.010_idir0.500250_trial00] 55.0% complete (2750/5000 generations)
2026-01-20 17:57:40,125 - INFO - [g1.000_rin1.000_sigmatemp0.000_sigmaeta0.000_sigma_theta0.010_idir0.520000_trial00] 55.0% complete (2750/5000 generations)
2026-01-20 17:57:50,981 - INFO - [g1.000_rin1.000_sigmatemp0.000_sigmaeta0.000_sigma_theta0.010_idir0.502500_trial00] 55.0% complete (2750/5000 generations)
2026-01-20 17:58:00,960 - INFO - [g1.000_rin1.000_sigmatemp0.000_sigmaeta0.000_sigma_theta0.010_idir0.500000_trial00] 55.0% complete (2750/5000 generations)
2026-01-20 17:58:01,241 - INFO - [g1.000_rin1.000_sigmatemp0.000_sigmaeta0.000_sigma_theta0.010_idir0.505000_trial00] 55.0% complete (2750/5000 generations)
2026-01-20 17:58:09,327 - INFO - [g1.000_rin1.000_sigmatemp0.000_sigmaeta0.000_sigma_theta0.010_idir0.501000_trial00] 55.0% complete (2750/5000 generations)
2026-01-20 17:58:22,279 - INFO - [g1.000_rin1.000_sigmatemp0.000_sigmaeta0.000_sigma_theta0.010_idir0.500500_trial00] 55.0% complete (2750/5000 generations)
2026-01-20 18:00:49,612 - INFO - [g1.000_rin1.000_sigmatemp0.000_sigmaeta0.000_sigma_theta0.010_idir0.510000_trial00] 60.0% complete (3000/5000 generations)
2026-01-20 18:02:03,316 - INFO - [g1.000_rin1.000_sigmatemp0.000_sigmaeta0.000_sigma_theta0.010_idir0.500250_trial00] 60.0% complete (3000/5000 generations)
2026-01-20 18:02:13,604 - INFO - [g1.000_rin1.000_sigmatemp0.000_sigmaeta0.000_sigma_theta0.010_idir0.520000_trial00] 60.0% complete (3000/5000 generations)
2026-01-20 18:02:23,904 - INFO - [g1.000_rin1.000_sigmatemp0.000_sigmaeta0.000_sigma_theta0.010_idir0.502500_trial00] 60.0% complete (3000/5000 generations)
2026-01-20 18:02:32,987 - INFO - [g1.000_rin1.000_sigmatemp0.000_sigmaeta0.000_sigma_theta0.010_idir0.500000_trial00] 60.0% complete (3000/5000 generations)
2026-01-20 18:02:34,433 - INFO - [g1.000_rin1.000_sigmatemp0.000_sigmaeta0.000_sigma_theta0.010_idir0.505000_trial00] 60.0% complete (3000/5000 generations)
2026-01-20 18:02:41,786 - INFO - [g1.000_rin1.000_sigmatemp0.000_sigmaeta0.000_sigma_theta0.010_idir0.501000_trial00] 60.0% complete (3000/5000 generations)
2026-01-20 18:02:55,799 - INFO - [g1.000_rin1.000_sigmatemp0.000_sigmaeta0.000_sigma_theta0.010_idir0.500500_trial00] 60.0% complete (3000/5000 generations)
2026-01-20 18:05:12,196 - INFO - [g1.000_rin1.000_sigmatemp0.000_sigmaeta0.000_sigma_theta0.010_idir0.510000_trial00] 65.0% complete (3250/5000 generations)
2026-01-20 18:06:35,641 - INFO - [g1.000_rin1.000_sigmatemp0.000_sigmaeta0.000_sigma_theta0.010_idir0.500250_trial00] 65.0% complete (3250/5000 generations)
2026-01-20 18:06:47,075 - INFO - [g1.000_rin1.000_sigmatemp0.000_sigmaeta0.000_sigma_theta0.010_idir0.520000_trial00] 65.0% complete (3250/5000 generations)
2026-01-20 18:06:56,431 - INFO - [g1.000_rin1.000_sigmatemp0.000_sigmaeta0.000_sigma_theta0.010_idir0.502500_trial00] 65.0% complete (3250/5000 generations)
2026-01-20 18:07:05,542 - INFO - [g1.000_rin1.000_sigmatemp0.000_sigmaeta0.000_sigma_theta0.010_idir0.500000_trial00] 65.0% complete (3250/5000 generations)
2026-01-20 18:07:08,682 - INFO - [g1.000_rin1.000_sigmatemp0.000_sigmaeta0.000_sigma_theta0.010_idir0.505000_trial00] 65.0% complete (3250/5000 generations)
2026-01-20 18:07:14,235 - INFO - [g1.000_rin1.000_sigmatemp0.000_sigmaeta0.000_sigma_theta0.010_idir0.501000_trial00] 65.0% complete (3250/5000 generations)
2026-01-20 18:07:29,561 - INFO - [g1.000_rin1.000_sigmatemp0.000_sigmaeta0.000_sigma_theta0.010_idir0.500500_trial00] 65.0% complete (3250/5000 generations)
2026-01-20 18:09:34,221 - INFO - [g1.000_rin1.000_sigmatemp0.000_sigmaeta0.000_sigma_theta0.010_idir0.510000_trial00] 70.0% complete (3500/5000 generations)
2026-01-20 18:11:08,760 - INFO - [g1.000_rin1.000_sigmatemp0.000_sigmaeta0.000_sigma_theta0.010_idir0.500250_trial00] 70.0% complete (3500/5000 generations)
2026-01-20 18:11:20,831 - INFO - [g1.000_rin1.000_sigmatemp0.000_sigmaeta0.000_sigma_theta0.010_idir0.520000_trial00] 70.0% complete (3500/5000 generations)
2026-01-20 18:11:29,327 - INFO - [g1.000_rin1.000_sigmatemp0.000_sigmaeta0.000_sigma_theta0.010_idir0.502500_trial00] 70.0% complete (3500/5000 generations)
2026-01-20 18:11:38,865 - INFO - [g1.000_rin1.000_sigmatemp0.000_sigmaeta0.000_sigma_theta0.010_idir0.500000_trial00] 70.0% complete (3500/5000 generations)
2026-01-20 18:11:42,491 - INFO - [g1.000_rin1.000_sigmatemp0.000_sigmaeta0.000_sigma_theta0.010_idir0.505000_trial00] 70.0% complete (3500/5000 generations)
2026-01-20 18:11:47,437 - INFO - [g1.000_rin1.000_sigmatemp0.000_sigmaeta0.000_sigma_theta0.010_idir0.501000_trial00] 70.0% complete (3500/5000 generations)
2026-01-20 18:12:03,478 - INFO - [g1.000_rin1.000_sigmatemp0.000_sigmaeta0.000_sigma_theta0.010_idir0.500500_trial00] 70.0% complete (3500/5000 generations)
2026-01-20 18:13:56,135 - INFO - [g1.000_rin1.000_sigmatemp0.000_sigmaeta0.000_sigma_theta0.010_idir0.510000_trial00] 75.0% complete (3750/5000 generations)
2026-01-20 18:15:42,032 - INFO - [g1.000_rin1.000_sigmatemp0.000_sigmaeta0.000_sigma_theta0.010_idir0.500250_trial00] 75.0% complete (3750/5000 generations)
2026-01-20 18:15:54,178 - INFO - [g1.000_rin1.000_sigmatemp0.000_sigmaeta0.000_sigma_theta0.010_idir0.520000_trial00] 75.0% complete (3750/5000 generations)
2026-01-20 18:16:02,088 - INFO - [g1.000_rin1.000_sigmatemp0.000_sigmaeta0.000_sigma_theta0.010_idir0.502500_trial00] 75.0% complete (3750/5000 generations)
2026-01-20 18:16:12,365 - INFO - [g1.000_rin1.000_sigmatemp0.000_sigmaeta0.000_sigma_theta0.010_idir0.500000_trial00] 75.0% complete (3750/5000 generations)
2026-01-20 18:16:16,206 - INFO - [g1.000_rin1.000_sigmatemp0.000_sigmaeta0.000_sigma_theta0.010_idir0.505000_trial00] 75.0% complete (3750/5000 generations)
2026-01-20 18:16:20,821 - INFO - [g1.000_rin1.000_sigmatemp0.000_sigmaeta0.000_sigma_theta0.010_idir0.501000_trial00] 75.0% complete (3750/5000 generations)
2026-01-20 18:16:37,829 - INFO - [g1.000_rin1.000_sigmatemp0.000_sigmaeta0.000_sigma_theta0.010_idir0.500500_trial00] 75.0% complete (3750/5000 generations)
2026-01-20 18:18:18,754 - INFO - [g1.000_rin1.000_sigmatemp0.000_sigmaeta0.000_sigma_theta0.010_idir0.510000_trial00] 80.0% complete (4000/5000 generations)
2026-01-20 18:20:15,330 - INFO - [g1.000_rin1.000_sigmatemp0.000_sigmaeta0.000_sigma_theta0.010_idir0.500250_trial00] 80.0% complete (4000/5000 generations)
2026-01-20 18:20:27,396 - INFO - [g1.000_rin1.000_sigmatemp0.000_sigmaeta0.000_sigma_theta0.010_idir0.520000_trial00] 80.0% complete (4000/5000 generations)
2026-01-20 18:20:35,128 - INFO - [g1.000_rin1.000_sigmatemp0.000_sigmaeta0.000_sigma_theta0.010_idir0.502500_trial00] 80.0% complete (4000/5000 generations)
2026-01-20 18:20:45,416 - INFO - [g1.000_rin1.000_sigmatemp0.000_sigmaeta0.000_sigma_theta0.010_idir0.500000_trial00] 80.0% complete (4000/5000 generations)
2026-01-20 18:20:49,950 - INFO - [g1.000_rin1.000_sigmatemp0.000_sigmaeta0.000_sigma_theta0.010_idir0.505000_trial00] 80.0% complete (4000/5000 generations)
2026-01-20 18:20:53,769 - INFO - [g1.000_rin1.000_sigmatemp0.000_sigmaeta0.000_sigma_theta0.010_idir0.501000_trial00] 80.0% complete (4000/5000 generations)
2026-01-20 18:21:11,626 - INFO - [g1.000_rin1.000_sigmatemp0.000_sigmaeta0.000_sigma_theta0.010_idir0.500500_trial00] 80.0% complete (4000/5000 generations)
2026-01-20 18:22:41,441 - INFO - [g1.000_rin1.000_sigmatemp0.000_sigmaeta0.000_sigma_theta0.010_idir0.510000_trial00] 85.0% complete (4250/5000 generations)
2026-01-20 18:24:48,852 - INFO - [g1.000_rin1.000_sigmatemp0.000_sigmaeta0.000_sigma_theta0.010_idir0.500250_trial00] 85.0% complete (4250/5000 generations)
2026-01-20 18:25:01,092 - INFO - [g1.000_rin1.000_sigmatemp0.000_sigmaeta0.000_sigma_theta0.010_idir0.520000_trial00] 85.0% complete (4250/5000 generations)
2026-01-20 18:25:08,764 - INFO - [g1.000_rin1.000_sigmatemp0.000_sigmaeta0.000_sigma_theta0.010_idir0.502500_trial00] 85.0% complete (4250/5000 generations)
2026-01-20 18:25:18,851 - INFO - [g1.000_rin1.000_sigmatemp0.000_sigmaeta0.000_sigma_theta0.010_idir0.500000_trial00] 85.0% complete (4250/5000 generations)
2026-01-20 18:25:24,334 - INFO - [g1.000_rin1.000_sigmatemp0.000_sigmaeta0.000_sigma_theta0.010_idir0.505000_trial00] 85.0% complete (4250/5000 generations)
2026-01-20 18:25:27,866 - INFO - [g1.000_rin1.000_sigmatemp0.000_sigmaeta0.000_sigma_theta0.010_idir0.501000_trial00] 85.0% complete (4250/5000 generations)
2026-01-20 18:25:45,671 - INFO - [g1.000_rin1.000_sigmatemp0.000_sigmaeta0.000_sigma_theta0.010_idir0.500500_trial00] 85.0% complete (4250/5000 generations)
2026-01-20 18:27:03,485 - INFO - [g1.000_rin1.000_sigmatemp0.000_sigmaeta0.000_sigma_theta0.010_idir0.510000_trial00] 90.0% complete (4500/5000 generations)
2026-01-20 18:29:22,395 - INFO - [g1.000_rin1.000_sigmatemp0.000_sigmaeta0.000_sigma_theta0.010_idir0.500250_trial00] 90.0% complete (4500/5000 generations)
2026-01-20 18:29:35,129 - INFO - [g1.000_rin1.000_sigmatemp0.000_sigmaeta0.000_sigma_theta0.010_idir0.520000_trial00] 90.0% complete (4500/5000 generations)
2026-01-20 18:29:42,222 - INFO - [g1.000_rin1.000_sigmatemp0.000_sigmaeta0.000_sigma_theta0.010_idir0.502500_trial00] 90.0% complete (4500/5000 generations)
2026-01-20 18:29:52,502 - INFO - [g1.000_rin1.000_sigmatemp0.000_sigmaeta0.000_sigma_theta0.010_idir0.500000_trial00] 90.0% complete (4500/5000 generations)
2026-01-20 18:29:58,982 - INFO - [g1.000_rin1.000_sigmatemp0.000_sigmaeta0.000_sigma_theta0.010_idir0.505000_trial00] 90.0% complete (4500/5000 generations)
2026-01-20 18:30:02,529 - INFO - [g1.000_rin1.000_sigmatemp0.000_sigmaeta0.000_sigma_theta0.010_idir0.501000_trial00] 90.0% complete (4500/5000 generations)
2026-01-20 18:30:19,692 - INFO - [g1.000_rin1.000_sigmatemp0.000_sigmaeta0.000_sigma_theta0.010_idir0.500500_trial00] 90.0% complete (4500/5000 generations)
2026-01-20 18:31:24,426 - INFO - [g1.000_rin1.000_sigmatemp0.000_sigmaeta0.000_sigma_theta0.010_idir0.510000_trial00] 95.0% complete (4750/5000 generations)
2026-01-20 18:33:56,288 - INFO - [g1.000_rin1.000_sigmatemp0.000_sigmaeta0.000_sigma_theta0.010_idir0.500250_trial00] 95.0% complete (4750/5000 generations)
2026-01-20 18:34:09,404 - INFO - [g1.000_rin1.000_sigmatemp0.000_sigmaeta0.000_sigma_theta0.010_idir0.520000_trial00] 95.0% complete (4750/5000 generations)
2026-01-20 18:34:15,762 - INFO - [g1.000_rin1.000_sigmatemp0.000_sigmaeta0.000_sigma_theta0.010_idir0.502500_trial00] 95.0% complete (4750/5000 generations)
2026-01-20 18:34:26,056 - INFO - [g1.000_rin1.000_sigmatemp0.000_sigmaeta0.000_sigma_theta0.010_idir0.500000_trial00] 95.0% complete (4750/5000 generations)
2026-01-20 18:34:32,165 - INFO - [g1.000_rin1.000_sigmatemp0.000_sigmaeta0.000_sigma_theta0.010_idir0.505000_trial00] 95.0% complete (4750/5000 generations)
2026-01-20 18:34:36,268 - INFO - [g1.000_rin1.000_sigmatemp0.000_sigmaeta0.000_sigma_theta0.010_idir0.501000_trial00] 95.0% complete (4750/5000 generations)
2026-01-20 18:34:52,942 - INFO - [g1.000_rin1.000_sigmatemp0.000_sigmaeta0.000_sigma_theta0.010_idir0.500500_trial00] 95.0% complete (4750/5000 generations)
2026-01-20 18:35:58,211 - INFO - Finished run g1.000_rin1.000_sigmatemp0.000_sigmaeta0.000_sigma_theta0.010_idir0.510000_trial00
2026-01-20 18:38:48,079 - INFO - Finished run g1.000_rin1.000_sigmatemp0.000_sigmaeta0.000_sigma_theta0.010_idir0.500250_trial00
2026-01-20 18:39:07,531 - INFO - Finished run g1.000_rin1.000_sigmatemp0.000_sigmaeta0.000_sigma_theta0.010_idir0.520000_trial00
2026-01-20 18:39:13,413 - INFO - Finished run g1.000_rin1.000_sigmatemp0.000_sigmaeta0.000_sigma_theta0.010_idir0.502500_trial00
2026-01-20 18:39:32,640 - INFO - Finished run g1.000_rin1.000_sigmatemp0.000_sigmaeta0.000_sigma_theta0.010_idir0.500000_trial00
2026-01-20 18:39:44,667 - INFO - Finished run g1.000_rin1.000_sigmatemp0.000_sigmaeta0.000_sigma_theta0.010_idir0.505000_trial00
2026-01-20 18:39:57,524 - INFO - Finished run g1.000_rin1.000_sigmatemp0.000_sigmaeta0.000_sigma_theta0.010_idir0.500500_trial00
2026-01-20 18:40:10,995 - INFO - Finished run g1.000_rin1.000_sigmatemp0.000_sigmaeta0.000_sigma_theta0.010_idir0.501000_trial00
