2026-02-11 14:32:32,946 - INFO - Running 24 simulations across 48 worker(s)
2026-02-11 14:32:33,290 - INFO - Starting run ampar0.64_rin1.27_sigtemp0.01_sigeta0_sigtheta0_idir0.5_trial00
2026-02-11 14:32:33,296 - INFO - Starting run ampar0.64_rin1.27_sigtemp0.01_sigeta0_sigtheta0.01_idir0.5_trial00
2026-02-11 14:32:33,303 - INFO - Starting run ampar0.64_rin1.27_sigtemp0.01_sigeta0.002_sigtheta0_idir0.5_trial00
2026-02-11 14:32:33,323 - INFO - Starting run ampar0.64_rin1.27_sigtemp0.01_sigeta0_sigtheta0_idir0.7_trial00
2026-02-11 14:32:33,304 - INFO - Starting run ampar0.64_rin1.27_sigtemp0.01_sigeta0.002_sigtheta0.01_idir0.5_trial00
2026-02-11 14:32:33,328 - INFO - Starting run ampar0.64_rin1.27_sigtemp0.01_sigeta0_sigtheta0.01_idir0.7_trial00
2026-02-11 14:32:33,305 - INFO - Starting run ampar0.64_rin1.27_sigtemp0.01_sigeta0_sigtheta0_idir0.51_trial00
2026-02-11 14:32:33,334 - INFO - Starting run ampar0.64_rin1.27_sigtemp0.01_sigeta0.002_sigtheta0.01_idir0.7_trial00
2026-02-11 14:32:33,306 - INFO - Starting run ampar0.64_rin1.27_sigtemp0.01_sigeta0_sigtheta0.01_idir0.51_trial00
2026-02-11 14:32:33,333 - INFO - Starting run ampar0.64_rin1.27_sigtemp0.01_sigeta0.002_sigtheta0_idir0.7_trial00
2026-02-11 14:32:33,308 - INFO - Starting run ampar0.64_rin1.27_sigtemp0.01_sigeta0.002_sigtheta0_idir0.51_trial00
2026-02-11 14:32:33,309 - INFO - Starting run ampar0.64_rin1.27_sigtemp0.01_sigeta0.002_sigtheta0.01_idir0.51_trial00
2026-02-11 14:32:33,310 - INFO - Starting run ampar0.64_rin1.27_sigtemp0.01_sigeta0_sigtheta0_idir0.52_trial00
2026-02-11 14:32:33,311 - INFO - Starting run ampar0.64_rin1.27_sigtemp0.01_sigeta0_sigtheta0.01_idir0.52_trial00
2026-02-11 14:32:33,354 - INFO - Running on device: cpu
2026-02-11 14:32:33,312 - INFO - Starting run ampar0.64_rin1.27_sigtemp0.01_sigeta0.002_sigtheta0_idir0.52_trial00
2026-02-11 14:32:33,313 - INFO - Starting run ampar0.64_rin1.27_sigtemp0.01_sigeta0.002_sigtheta0.01_idir0.52_trial00
2026-02-11 14:32:33,314 - INFO - Starting run ampar0.64_rin1.27_sigtemp0.01_sigeta0_sigtheta0_idir0.55_trial00
2026-02-11 14:32:33,315 - INFO - Starting run ampar0.64_rin1.27_sigtemp0.01_sigeta0_sigtheta0.01_idir0.55_trial00
2026-02-11 14:32:33,317 - INFO - Starting run ampar0.64_rin1.27_sigtemp0.01_sigeta0.002_sigtheta0_idir0.55_trial00
2026-02-11 14:32:33,318 - INFO - Starting run ampar0.64_rin1.27_sigtemp0.01_sigeta0.002_sigtheta0.01_idir0.55_trial00
2026-02-11 14:32:33,319 - INFO - Starting run ampar0.64_rin1.27_sigtemp0.01_sigeta0_sigtheta0_idir0.6_trial00
2026-02-11 14:32:33,320 - INFO - Starting run ampar0.64_rin1.27_sigtemp0.01_sigeta0_sigtheta0.01_idir0.6_trial00
2026-02-11 14:32:33,321 - INFO - Starting run ampar0.64_rin1.27_sigtemp0.01_sigeta0.002_sigtheta0_idir0.6_trial00
2026-02-11 14:32:33,322 - INFO - Starting run ampar0.64_rin1.27_sigtemp0.01_sigeta0.002_sigtheta0.01_idir0.6_trial00
2026-02-11 14:32:33,392 - INFO - Running on device: cpu
2026-02-11 14:32:33,395 - INFO - Running on device: cpu
2026-02-11 14:32:33,395 - INFO - Running on device: cpu
2026-02-11 14:32:33,398 - INFO - Running on device: cpu
2026-02-11 14:32:33,400 - INFO - Running on device: cpu
2026-02-11 14:32:33,403 - INFO - Running on device: cpu
2026-02-11 14:32:33,413 - INFO - Running on device: cpu
2026-02-11 14:32:33,421 - INFO - Running on device: cpu
2026-02-11 14:32:33,425 - INFO - Running on device: cpu
2026-02-11 14:32:33,442 - INFO - Running on device: cpu
2026-02-11 14:32:33,464 - INFO - Running on device: cpu
2026-02-11 14:32:33,467 - INFO - Running on device: cpu
2026-02-11 14:32:33,470 - INFO - Running on device: cpu
2026-02-11 14:32:33,489 - INFO - Running on device: cpu
2026-02-11 14:32:33,494 - INFO - Running on device: cpu
2026-02-11 14:32:33,541 - INFO - Running on device: cpu
2026-02-11 14:32:33,546 - INFO - Running on device: cpu
2026-02-11 14:32:33,549 - INFO - Running on device: cpu
2026-02-11 14:32:33,571 - INFO - Running on device: cpu
2026-02-11 14:32:33,574 - INFO - Running on device: cpu
2026-02-11 14:32:33,576 - INFO - Running on device: cpu
2026-02-11 14:32:33,578 - INFO - Running on device: cpu
2026-02-11 14:32:33,581 - INFO - Running on device: cpu
2026-02-11 14:34:22,467 - INFO - [ampar0.64_rin1.27_sigtemp0.01_sigeta0.002_sigtheta0_idir0.5_trial00] 0.0% complete (0/2000000 generations)
2026-02-11 14:34:22,570 - INFO - [ampar0.64_rin1.27_sigtemp0.01_sigeta0.002_sigtheta0_idir0.52_trial00] 0.0% complete (0/2000000 generations)
2026-02-11 14:34:22,953 - INFO - [ampar0.64_rin1.27_sigtemp0.01_sigeta0.002_sigtheta0_idir0.51_trial00] 0.0% complete (0/2000000 generations)
2026-02-11 14:34:23,164 - INFO - [ampar0.64_rin1.27_sigtemp0.01_sigeta0.002_sigtheta0.01_idir0.7_trial00] 0.0% complete (0/2000000 generations)
2026-02-11 14:34:23,350 - INFO - [ampar0.64_rin1.27_sigtemp0.01_sigeta0_sigtheta0.01_idir0.7_trial00] 0.0% complete (0/2000000 generations)
2026-02-11 14:34:23,366 - INFO - [ampar0.64_rin1.27_sigtemp0.01_sigeta0_sigtheta0.01_idir0.51_trial00] 0.0% complete (0/2000000 generations)
2026-02-11 14:34:23,373 - INFO - [ampar0.64_rin1.27_sigtemp0.01_sigeta0_sigtheta0_idir0.51_trial00] 0.0% complete (0/2000000 generations)
2026-02-11 14:34:23,404 - INFO - [ampar0.64_rin1.27_sigtemp0.01_sigeta0_sigtheta0.01_idir0.52_trial00] 0.0% complete (0/2000000 generations)
2026-02-11 14:34:23,559 - INFO - [ampar0.64_rin1.27_sigtemp0.01_sigeta0_sigtheta0_idir0.52_trial00] 0.0% complete (0/2000000 generations)
2026-02-11 14:34:23,587 - INFO - [ampar0.64_rin1.27_sigtemp0.01_sigeta0.002_sigtheta0_idir0.7_trial00] 0.0% complete (0/2000000 generations)
2026-02-11 14:34:23,850 - INFO - [ampar0.64_rin1.27_sigtemp0.01_sigeta0.002_sigtheta0.01_idir0.5_trial00] 0.0% complete (0/2000000 generations)
2026-02-11 14:34:23,882 - INFO - [ampar0.64_rin1.27_sigtemp0.01_sigeta0.002_sigtheta0.01_idir0.51_trial00] 0.0% complete (0/2000000 generations)
2026-02-11 14:34:23,888 - INFO - [ampar0.64_rin1.27_sigtemp0.01_sigeta0_sigtheta0.01_idir0.5_trial00] 0.0% complete (0/2000000 generations)
2026-02-11 14:34:24,063 - INFO - [ampar0.64_rin1.27_sigtemp0.01_sigeta0_sigtheta0_idir0.55_trial00] 0.0% complete (0/2000000 generations)
2026-02-11 14:34:24,114 - INFO - [ampar0.64_rin1.27_sigtemp0.01_sigeta0_sigtheta0.01_idir0.55_trial00] 0.0% complete (0/2000000 generations)
2026-02-11 14:34:24,358 - INFO - [ampar0.64_rin1.27_sigtemp0.01_sigeta0_sigtheta0_idir0.7_trial00] 0.0% complete (0/2000000 generations)
2026-02-11 14:34:24,461 - INFO - [ampar0.64_rin1.27_sigtemp0.01_sigeta0.002_sigtheta0.01_idir0.55_trial00] 0.0% complete (0/2000000 generations)
2026-02-11 14:34:24,469 - INFO - [ampar0.64_rin1.27_sigtemp0.01_sigeta0_sigtheta0_idir0.5_trial00] 0.0% complete (0/2000000 generations)
2026-02-11 14:34:25,420 - INFO - [ampar0.64_rin1.27_sigtemp0.01_sigeta0.002_sigtheta0.01_idir0.52_trial00] 0.0% complete (0/2000000 generations)
2026-02-11 14:34:25,902 - INFO - [ampar0.64_rin1.27_sigtemp0.01_sigeta0_sigtheta0_idir0.6_trial00] 0.0% complete (0/2000000 generations)
2026-02-11 14:34:26,993 - INFO - [ampar0.64_rin1.27_sigtemp0.01_sigeta0.002_sigtheta0.01_idir0.6_trial00] 0.0% complete (0/2000000 generations)
2026-02-11 14:34:28,219 - INFO - [ampar0.64_rin1.27_sigtemp0.01_sigeta0_sigtheta0.01_idir0.6_trial00] 0.0% complete (0/2000000 generations)
2026-02-11 14:34:42,297 - INFO - [ampar0.64_rin1.27_sigtemp0.01_sigeta0.002_sigtheta0_idir0.55_trial00] 0.0% complete (0/2000000 generations)
2026-02-11 14:34:44,565 - INFO - [ampar0.64_rin1.27_sigtemp0.01_sigeta0.002_sigtheta0_idir0.6_trial00] 0.0% complete (0/2000000 generations)
