2026-02-11 14:32:32,947 - INFO - Running 24 simulations across 48 worker(s)
2026-02-11 14:32:33,177 - INFO - Starting run ampar1_rin1_sigtemp0.01_sigeta0_sigtheta0_idir0.5_trial00
2026-02-11 14:32:33,177 - INFO - Starting run ampar1_rin1_sigtemp0.01_sigeta0_sigtheta0.01_idir0.5_trial00
2026-02-11 14:32:33,178 - INFO - Starting run ampar1_rin1_sigtemp0.01_sigeta0.002_sigtheta0_idir0.5_trial00
2026-02-11 14:32:33,179 - INFO - Starting run ampar1_rin1_sigtemp0.01_sigeta0.002_sigtheta0.01_idir0.5_trial00
2026-02-11 14:32:33,179 - INFO - Starting run ampar1_rin1_sigtemp0.01_sigeta0_sigtheta0_idir0.51_trial00
2026-02-11 14:32:33,179 - INFO - Starting run ampar1_rin1_sigtemp0.01_sigeta0_sigtheta0.01_idir0.51_trial00
2026-02-11 14:32:33,179 - INFO - Starting run ampar1_rin1_sigtemp0.01_sigeta0.002_sigtheta0_idir0.51_trial00
2026-02-11 14:32:33,180 - INFO - Starting run ampar1_rin1_sigtemp0.01_sigeta0.002_sigtheta0.01_idir0.51_trial00
2026-02-11 14:32:33,180 - INFO - Starting run ampar1_rin1_sigtemp0.01_sigeta0_sigtheta0_idir0.52_trial00
2026-02-11 14:32:33,180 - INFO - Starting run ampar1_rin1_sigtemp0.01_sigeta0_sigtheta0.01_idir0.52_trial00
2026-02-11 14:32:33,180 - INFO - Starting run ampar1_rin1_sigtemp0.01_sigeta0.002_sigtheta0_idir0.52_trial00
2026-02-11 14:32:33,181 - INFO - Starting run ampar1_rin1_sigtemp0.01_sigeta0.002_sigtheta0.01_idir0.52_trial00
2026-02-11 14:32:33,181 - INFO - Starting run ampar1_rin1_sigtemp0.01_sigeta0_sigtheta0_idir0.55_trial00
2026-02-11 14:32:33,181 - INFO - Starting run ampar1_rin1_sigtemp0.01_sigeta0_sigtheta0.01_idir0.55_trial00
2026-02-11 14:32:33,181 - INFO - Starting run ampar1_rin1_sigtemp0.01_sigeta0.002_sigtheta0_idir0.55_trial00
2026-02-11 14:32:33,182 - INFO - Starting run ampar1_rin1_sigtemp0.01_sigeta0_sigtheta0_idir0.6_trial00
2026-02-11 14:32:33,182 - INFO - Starting run ampar1_rin1_sigtemp0.01_sigeta0_sigtheta0.01_idir0.6_trial00
2026-02-11 14:32:33,182 - INFO - Starting run ampar1_rin1_sigtemp0.01_sigeta0.002_sigtheta0.01_idir0.55_trial00
2026-02-11 14:32:33,182 - INFO - Starting run ampar1_rin1_sigtemp0.01_sigeta0.002_sigtheta0_idir0.6_trial00
2026-02-11 14:32:33,183 - INFO - Starting run ampar1_rin1_sigtemp0.01_sigeta0.002_sigtheta0.01_idir0.6_trial00
2026-02-11 14:32:33,183 - INFO - Starting run ampar1_rin1_sigtemp0.01_sigeta0_sigtheta0_idir0.7_trial00
2026-02-11 14:32:33,183 - INFO - Starting run ampar1_rin1_sigtemp0.01_sigeta0_sigtheta0.01_idir0.7_trial00
2026-02-11 14:32:33,183 - INFO - Starting run ampar1_rin1_sigtemp0.01_sigeta0.002_sigtheta0_idir0.7_trial00
2026-02-11 14:32:33,184 - INFO - Starting run ampar1_rin1_sigtemp0.01_sigeta0.002_sigtheta0.01_idir0.7_trial00
2026-02-11 14:32:33,201 - INFO - Running on device: cpu
2026-02-11 14:32:33,232 - INFO - Running on device: cpu
2026-02-11 14:32:33,237 - INFO - Running on device: cpu
2026-02-11 14:32:33,240 - INFO - Running on device: cpu
2026-02-11 14:32:33,256 - INFO - Running on device: cpu
2026-02-11 14:32:33,278 - INFO - Running on device: cpu
2026-02-11 14:32:33,301 - INFO - Running on device: cpu
2026-02-11 14:32:33,313 - INFO - Running on device: cpu
2026-02-11 14:32:33,334 - INFO - Running on device: cpu
2026-02-11 14:32:33,337 - INFO - Running on device: cpu
2026-02-11 14:32:33,350 - INFO - Running on device: cpu
2026-02-11 14:32:33,320 - INFO - Running on device: cpu
2026-02-11 14:32:33,321 - INFO - Running on device: cpu
2026-02-11 14:32:33,322 - INFO - Running on device: cpu
2026-02-11 14:32:33,322 - INFO - Running on device: cpu
2026-02-11 14:32:33,324 - INFO - Running on device: cpu
2026-02-11 14:32:33,329 - INFO - Running on device: cpu
2026-02-11 14:32:33,332 - INFO - Running on device: cpu
2026-02-11 14:32:33,351 - INFO - Running on device: cpu
2026-02-11 14:32:33,356 - INFO - Running on device: cpu
2026-02-11 14:32:33,369 - INFO - Running on device: cpu
2026-02-11 14:32:33,383 - INFO - Running on device: cpu
2026-02-11 14:32:33,384 - INFO - Running on device: cpu
2026-02-11 14:32:33,384 - INFO - Running on device: cpu
2026-02-11 14:34:21,218 - INFO - [ampar1_rin1_sigtemp0.01_sigeta0.002_sigtheta0_idir0.51_trial00] 0.0% complete (0/2000000 generations)
2026-02-11 14:34:21,701 - INFO - [ampar1_rin1_sigtemp0.01_sigeta0.002_sigtheta0_idir0.52_trial00] 0.0% complete (0/2000000 generations)
2026-02-11 14:34:21,743 - INFO - [ampar1_rin1_sigtemp0.01_sigeta0_sigtheta0_idir0.51_trial00] 0.0% complete (0/2000000 generations)
2026-02-11 14:34:21,760 - INFO - [ampar1_rin1_sigtemp0.01_sigeta0.002_sigtheta0_idir0.5_trial00] 0.0% complete (0/2000000 generations)
2026-02-11 14:34:21,822 - INFO - [ampar1_rin1_sigtemp0.01_sigeta0.002_sigtheta0.01_idir0.51_trial00] 0.0% complete (0/2000000 generations)
2026-02-11 14:34:21,983 - INFO - [ampar1_rin1_sigtemp0.01_sigeta0_sigtheta0_idir0.55_trial00] 0.0% complete (0/2000000 generations)
2026-02-11 14:34:21,999 - INFO - [ampar1_rin1_sigtemp0.01_sigeta0_sigtheta0_idir0.5_trial00] 0.0% complete (0/2000000 generations)
2026-02-11 14:34:22,353 - INFO - [ampar1_rin1_sigtemp0.01_sigeta0_sigtheta0_idir0.6_trial00] 0.0% complete (0/2000000 generations)
2026-02-11 14:34:22,442 - INFO - [ampar1_rin1_sigtemp0.01_sigeta0_sigtheta0.01_idir0.52_trial00] 0.0% complete (0/2000000 generations)
2026-02-11 14:34:22,589 - INFO - [ampar1_rin1_sigtemp0.01_sigeta0_sigtheta0.01_idir0.55_trial00] 0.0% complete (0/2000000 generations)
2026-02-11 14:34:22,602 - INFO - [ampar1_rin1_sigtemp0.01_sigeta0_sigtheta0_idir0.7_trial00] 0.0% complete (0/2000000 generations)
2026-02-11 14:34:22,739 - INFO - [ampar1_rin1_sigtemp0.01_sigeta0.002_sigtheta0.01_idir0.5_trial00] 0.0% complete (0/2000000 generations)
2026-02-11 14:34:22,817 - INFO - [ampar1_rin1_sigtemp0.01_sigeta0_sigtheta0.01_idir0.7_trial00] 0.0% complete (0/2000000 generations)
2026-02-11 14:34:22,976 - INFO - [ampar1_rin1_sigtemp0.01_sigeta0.002_sigtheta0.01_idir0.52_trial00] 0.0% complete (0/2000000 generations)
2026-02-11 14:34:23,158 - INFO - [ampar1_rin1_sigtemp0.01_sigeta0_sigtheta0_idir0.52_trial00] 0.0% complete (0/2000000 generations)
2026-02-11 14:34:23,158 - INFO - [ampar1_rin1_sigtemp0.01_sigeta0_sigtheta0.01_idir0.51_trial00] 0.0% complete (0/2000000 generations)
2026-02-11 14:34:23,186 - INFO - [ampar1_rin1_sigtemp0.01_sigeta0.002_sigtheta0.01_idir0.55_trial00] 0.0% complete (0/2000000 generations)
2026-02-11 14:34:23,208 - INFO - [ampar1_rin1_sigtemp0.01_sigeta0.002_sigtheta0_idir0.55_trial00] 0.0% complete (0/2000000 generations)
2026-02-11 14:34:23,379 - INFO - [ampar1_rin1_sigtemp0.01_sigeta0.002_sigtheta0_idir0.7_trial00] 0.0% complete (0/2000000 generations)
2026-02-11 14:34:23,417 - INFO - [ampar1_rin1_sigtemp0.01_sigeta0_sigtheta0.01_idir0.6_trial00] 0.0% complete (0/2000000 generations)
2026-02-11 14:34:23,719 - INFO - [ampar1_rin1_sigtemp0.01_sigeta0.002_sigtheta0.01_idir0.7_trial00] 0.0% complete (0/2000000 generations)
2026-02-11 14:34:23,854 - INFO - [ampar1_rin1_sigtemp0.01_sigeta0_sigtheta0.01_idir0.5_trial00] 0.0% complete (0/2000000 generations)
2026-02-11 14:34:25,724 - INFO - [ampar1_rin1_sigtemp0.01_sigeta0.002_sigtheta0_idir0.6_trial00] 0.0% complete (0/2000000 generations)
2026-02-11 14:34:31,990 - INFO - [ampar1_rin1_sigtemp0.01_sigeta0.002_sigtheta0.01_idir0.6_trial00] 0.0% complete (0/2000000 generations)
